<?xml version="1.0" encoding="UTF-8"?>
<testsuite xmlns:xsi="http://www.w3.org/2001/XMLSchema-instance" xsi:noNamespaceSchemaLocation="https://maven.apache.org/surefire/maven-surefire-plugin/xsd/surefire-test-report.xsd" version="3.0.2" name="com.mamoji.module.budget.service.BudgetServiceIntegrationTest" time="0.405" tests="9" errors="0" skipped="0" failures="0">
  <properties>
[...]
</properties>
  <testcase name="getBudgetStatus_OverSpent_ShouldHaveStatus3" classname="com.mamoji.module.budget.service.BudgetServiceIntegrationTest" time="0.036">
    <system-out><![CDATA[2026-01-21 01:08:03 - Could not detect default configuration classes for test class [com.mamoji.module.budget.service.BudgetServiceIntegrationTest]: BudgetServiceIntegrationTest does not declare any static, non-private, non-final, nested classes annotated with @Configuration.
2026-01-21 01:08:03 - Found @SpringBootConfiguration com.mamoji.MamojiApplication for test class com.mamoji.module.budget.service.BudgetServiceIntegrationTest
Creating a new SqlSession
Registering transaction synchronization for SqlSession [org.apache.ibatis.session.defaults.DefaultSqlSession@546fdd7]
JDBC Connection [HikariProxyConnection@857926861 wrapping com.mysql.cj.jdbc.ConnectionImpl@c617585] will be managed by Spring
==>  Preparing: UPDATE fin_budget SET status=0 WHERE status=1 AND (budget_id IS NOT NULL)
==> Parameters: 
<==    Updates: 1
Releasing transactional SqlSession [org.apache.ibatis.session.defaults.DefaultSqlSession@546fdd7]
Fetched SqlSession [org.apache.ibatis.session.defaults.DefaultSqlSession@546fdd7] from current transaction
==>  Preparing: INSERT INTO fin_budget ( user_id, name, amount, spent, start_date, end_date, status, created_at, updated_at ) VALUES ( ?, ?, ?, ?, ?, ?, ?, ?, ? )
==> Parameters: 999(Long), Over Budget(String), 1000.00(BigDecimal), 1500.00(BigDecimal), 2026-01-01(LocalDate), 2026-01-31(LocalDate), 1(Integer), 2026-01-21T01:08:03.158554861(LocalDateTime), 2026-01-21T01:08:03.158618244(LocalDateTime)
<==    Updates: 1
Releasing transactional SqlSession [org.apache.ibatis.session.defaults.DefaultSqlSession@546fdd7]
Fetched SqlSession [org.apache.ibatis.session.defaults.DefaultSqlSession@546fdd7] from current transaction
==>  Preparing: SELECT * FROM fin_budget WHERE budget_id = ?
==> Parameters: 50(Long)
<==    Columns: budget_id, user_id, name, amount, spent, start_date, end_date, status, created_at, updated_at
<==        Row: 50, 999, Over Budget, 1000.0000, 1500.0000, 2026-01-01, 2026-01-31, 1, 2026-01-21 01:08:03, 2026-01-21 01:08:03
<==      Total: 1
Releasing transactional SqlSession [org.apache.ibatis.session.defaults.DefaultSqlSession@546fdd7]
Fetched SqlSession [org.apache.ibatis.session.defaults.DefaultSqlSession@546fdd7] from current transaction
==>  Preparing: UPDATE fin_budget SET status=0 WHERE status=1 AND (budget_id IS NOT NULL)
==> Parameters: 
<==    Updates: 1
Releasing transactional SqlSession [org.apache.ibatis.session.defaults.DefaultSqlSession@546fdd7]
Transaction synchronization deregistering SqlSession [org.apache.ibatis.session.defaults.DefaultSqlSession@546fdd7]
Transaction synchronization closing SqlSession [org.apache.ibatis.session.defaults.DefaultSqlSession@546fdd7]
]]></system-out>
  </testcase>
  <testcase name="updateBudget_ShouldModifyExistingRecord" classname="com.mamoji.module.budget.service.BudgetServiceIntegrationTest" time="0.044">
    <system-out><![CDATA[Creating a new SqlSession
Registering transaction synchronization for SqlSession [org.apache.ibatis.session.defaults.DefaultSqlSession@31e6631d]
JDBC Connection [HikariProxyConnection@1349073103 wrapping com.mysql.cj.jdbc.ConnectionImpl@c617585] will be managed by Spring
==>  Preparing: UPDATE fin_budget SET status=0 WHERE status=1 AND (budget_id IS NOT NULL)
==> Parameters: 
<==    Updates: 1
Releasing transactional SqlSession [org.apache.ibatis.session.defaults.DefaultSqlSession@31e6631d]
Fetched SqlSession [org.apache.ibatis.session.defaults.DefaultSqlSession@31e6631d] from current transaction
==>  Preparing: INSERT INTO fin_budget ( user_id, name, amount, start_date, end_date, status, created_at, updated_at ) VALUES ( ?, ?, ?, ?, ?, ?, ?, ? )
==> Parameters: 999(Long), Original Name(String), 1000.00(BigDecimal), 2026-01-01(LocalDate), 2026-01-31(LocalDate), 1(Integer), 2026-01-21T01:08:03.191449761(LocalDateTime), 2026-01-21T01:08:03.191495113(LocalDateTime)
<==    Updates: 1
Releasing transactional SqlSession [org.apache.ibatis.session.defaults.DefaultSqlSession@31e6631d]
Fetched SqlSession [org.apache.ibatis.session.defaults.DefaultSqlSession@31e6631d] from current transaction
==>  Preparing: SELECT budget_id,user_id,name,amount,spent,start_date,end_date,status,created_at,updated_at FROM fin_budget WHERE budget_id=? AND status=1
==> Parameters: 51(Long)
<==    Columns: budget_id, user_id, name, amount, spent, start_date, end_date, status, created_at, updated_at
<==        Row: 51, 999, Original Name, 1000.0000, 0.0000, 2026-01-01, 2026-01-31, 1, 2026-01-21 01:08:03, 2026-01-21 01:08:03
<==      Total: 1
Releasing transactional SqlSession [org.apache.ibatis.session.defaults.DefaultSqlSession@31e6631d]
Fetched SqlSession [org.apache.ibatis.session.defaults.DefaultSqlSession@31e6631d] from current transaction
==>  Preparing: UPDATE fin_budget SET name=?,amount=?,start_date=?,end_date=?,status=? WHERE status=1 AND (budget_id = ?)
==> Parameters: Updated Name(String), 2000.00(BigDecimal), 2026-01-01(LocalDate), 2026-01-31(LocalDate), 1(Integer), 51(Long)
<==    Updates: 1
Releasing transactional SqlSession [org.apache.ibatis.session.defaults.DefaultSqlSession@31e6631d]
2026-01-21 01:08:03 - Budget updated: budgetId=51
Fetched SqlSession [org.apache.ibatis.session.defaults.DefaultSqlSession@31e6631d] from current transaction
==>  Preparing: SELECT budget_id,user_id,name,amount,spent,start_date,end_date,status,created_at,updated_at FROM fin_budget WHERE budget_id=? AND status=1
==> Parameters: 51(Long)
<==    Columns: budget_id, user_id, name, amount, spent, start_date, end_date, status, created_at, updated_at
<==        Row: 51, 999, Updated Name, 2000.0000, 0.0000, 2026-01-01, 2026-01-31, 1, 2026-01-21 01:08:03, 2026-01-20 17:08:03
<==      Total: 1
Releasing transactional SqlSession [org.apache.ibatis.session.defaults.DefaultSqlSession@31e6631d]
Fetched SqlSession [org.apache.ibatis.session.defaults.DefaultSqlSession@31e6631d] from current transaction
==>  Preparing: UPDATE fin_budget SET status=0 WHERE status=1 AND (budget_id IS NOT NULL)
==> Parameters: 
<==    Updates: 1
Releasing transactional SqlSession [org.apache.ibatis.session.defaults.DefaultSqlSession@31e6631d]
Transaction synchronization deregistering SqlSession [org.apache.ibatis.session.defaults.DefaultSqlSession@31e6631d]
Transaction synchronization closing SqlSession [org.apache.ibatis.session.defaults.DefaultSqlSession@31e6631d]
]]></system-out>
  </testcase>
  <testcase name="listActiveBudgets_ShouldReturnOnlyActiveBudgets" classname="com.mamoji.module.budget.service.BudgetServiceIntegrationTest" time="0.036">
    <system-out><![CDATA[Creating a new SqlSession
Registering transaction synchronization for SqlSession [org.apache.ibatis.session.defaults.DefaultSqlSession@12fbf2be]
JDBC Connection [HikariProxyConnection@1871910548 wrapping com.mysql.cj.jdbc.ConnectionImpl@c617585] will be managed by Spring
==>  Preparing: UPDATE fin_budget SET status=0 WHERE status=1 AND (budget_id IS NOT NULL)
==> Parameters: 
<==    Updates: 1
Releasing transactional SqlSession [org.apache.ibatis.session.defaults.DefaultSqlSession@12fbf2be]
Fetched SqlSession [org.apache.ibatis.session.defaults.DefaultSqlSession@12fbf2be] from current transaction
==>  Preparing: INSERT INTO fin_budget ( user_id, name, amount, start_date, end_date, status, created_at, updated_at ) VALUES ( ?, ?, ?, ?, ?, ?, ?, ? )
==> Parameters: 999(Long), Active Budget(String), 2000.00(BigDecimal), 2026-01-01(LocalDate), 2026-02-20(LocalDate), 1(Integer), 2026-01-21T01:08:03.236743567(LocalDateTime), 2026-01-21T01:08:03.236783429(LocalDateTime)
<==    Updates: 1
Releasing transactional SqlSession [org.apache.ibatis.session.defaults.DefaultSqlSession@12fbf2be]
Fetched SqlSession [org.apache.ibatis.session.defaults.DefaultSqlSession@12fbf2be] from current transaction
==>  Preparing: INSERT INTO fin_budget ( user_id, name, amount, start_date, end_date, status, created_at, updated_at ) VALUES ( ?, ?, ?, ?, ?, ?, ?, ? )
==> Parameters: 999(Long), Deleted Budget(String), 1000.00(BigDecimal), 2026-01-01(LocalDate), 2026-02-20(LocalDate), 0(Integer), 2026-01-21T01:08:03.239556057(LocalDateTime), 2026-01-21T01:08:03.239579408(LocalDateTime)
<==    Updates: 1
Releasing transactional SqlSession [org.apache.ibatis.session.defaults.DefaultSqlSession@12fbf2be]
Fetched SqlSession [org.apache.ibatis.session.defaults.DefaultSqlSession@12fbf2be] from current transaction
==>  Preparing: SELECT budget_id,user_id,name,amount,spent,start_date,end_date,status,created_at,updated_at FROM fin_budget WHERE status=1 AND (user_id = ? AND status = ?) ORDER BY created_at DESC
==> Parameters: 999(Long), 1(Integer)
<==    Columns: budget_id, user_id, name, amount, spent, start_date, end_date, status, created_at, updated_at
<==        Row: 52, 999, Active Budget, 2000.0000, 0.0000, 2026-01-01, 2026-02-20, 1, 2026-01-21 01:08:03, 2026-01-21 01:08:03
<==      Total: 1
Releasing transactional SqlSession [org.apache.ibatis.session.defaults.DefaultSqlSession@12fbf2be]
Fetched SqlSession [org.apache.ibatis.session.defaults.DefaultSqlSession@12fbf2be] from current transaction
==>  Preparing: UPDATE fin_budget SET status=0 WHERE status=1 AND (budget_id IS NOT NULL)
==> Parameters: 
<==    Updates: 1
Releasing transactional SqlSession [org.apache.ibatis.session.defaults.DefaultSqlSession@12fbf2be]
Transaction synchronization deregistering SqlSession [org.apache.ibatis.session.defaults.DefaultSqlSession@12fbf2be]
Transaction synchronization closing SqlSession [org.apache.ibatis.session.defaults.DefaultSqlSession@12fbf2be]
]]></system-out>
  </testcase>
  <testcase name="getBudgetProgress_ShouldCalculateCorrectly" classname="com.mamoji.module.budget.service.BudgetServiceIntegrationTest" time="0.032">
    <system-out><![CDATA[Creating a new SqlSession
Registering transaction synchronization for SqlSession [org.apache.ibatis.session.defaults.DefaultSqlSession@43eb8a2a]
JDBC Connection [HikariProxyConnection@1452171873 wrapping com.mysql.cj.jdbc.ConnectionImpl@c617585] will be managed by Spring
==>  Preparing: UPDATE fin_budget SET status=0 WHERE status=1 AND (budget_id IS NOT NULL)
==> Parameters: 
<==    Updates: 1
Releasing transactional SqlSession [org.apache.ibatis.session.defaults.DefaultSqlSession@43eb8a2a]
Fetched SqlSession [org.apache.ibatis.session.defaults.DefaultSqlSession@43eb8a2a] from current transaction
==>  Preparing: INSERT INTO fin_budget ( user_id, name, amount, spent, start_date, end_date, status, created_at, updated_at ) VALUES ( ?, ?, ?, ?, ?, ?, ?, ?, ? )
==> Parameters: 999(Long), Progress Test Budget(String), 1000.00(BigDecimal), 250.00(BigDecimal), 2026-01-01(LocalDate), 2026-01-31(LocalDate), 1(Integer), 2026-01-21T01:08:03.273383464(LocalDateTime), 2026-01-21T01:08:03.273418410(LocalDateTime)
<==    Updates: 1
Releasing transactional SqlSession [org.apache.ibatis.session.defaults.DefaultSqlSession@43eb8a2a]
Fetched SqlSession [org.apache.ibatis.session.defaults.DefaultSqlSession@43eb8a2a] from current transaction
==>  Preparing: SELECT * FROM fin_budget WHERE budget_id = ?
==> Parameters: 54(Long)
<==    Columns: budget_id, user_id, name, amount, spent, start_date, end_date, status, created_at, updated_at
<==        Row: 54, 999, Progress Test Budget, 1000.0000, 250.0000, 2026-01-01, 2026-01-31, 1, 2026-01-21 01:08:03, 2026-01-21 01:08:03
<==      Total: 1
Releasing transactional SqlSession [org.apache.ibatis.session.defaults.DefaultSqlSession@43eb8a2a]
Fetched SqlSession [org.apache.ibatis.session.defaults.DefaultSqlSession@43eb8a2a] from current transaction
==>  Preparing: UPDATE fin_budget SET status=0 WHERE status=1 AND (budget_id IS NOT NULL)
==> Parameters: 
<==    Updates: 1
Releasing transactional SqlSession [org.apache.ibatis.session.defaults.DefaultSqlSession@43eb8a2a]
Transaction synchronization deregistering SqlSession [org.apache.ibatis.session.defaults.DefaultSqlSession@43eb8a2a]
Transaction synchronization closing SqlSession [org.apache.ibatis.session.defaults.DefaultSqlSession@43eb8a2a]
]]></system-out>
  </testcase>
  <testcase name="listBudgets_ShouldReturnUserBudgets" classname="com.mamoji.module.budget.service.BudgetServiceIntegrationTest" time="0.053">
    <system-out><![CDATA[Creating a new SqlSession
Registering transaction synchronization for SqlSession [org.apache.ibatis.session.defaults.DefaultSqlSession@2230b578]
JDBC Connection [HikariProxyConnection@1004480387 wrapping com.mysql.cj.jdbc.ConnectionImpl@c617585] will be managed by Spring
==>  Preparing: UPDATE fin_budget SET status=0 WHERE status=1 AND (budget_id IS NOT NULL)
==> Parameters: 
<==    Updates: 1
Releasing transactional SqlSession [org.apache.ibatis.session.defaults.DefaultSqlSession@2230b578]
Fetched SqlSession [org.apache.ibatis.session.defaults.DefaultSqlSession@2230b578] from current transaction
==>  Preparing: INSERT INTO fin_budget ( user_id, name, amount, spent, start_date, end_date, status, created_at, updated_at ) VALUES ( ?, ?, ?, ?, ?, ?, ?, ?, ? )
==> Parameters: 999(Long), Budget 1(String), 1000.00(BigDecimal), 0(BigDecimal), 2026-01-01(LocalDate), 2026-01-31(LocalDate), 1(Integer), 2026-01-21T01:08:03.307920648(LocalDateTime), 2026-01-21T01:08:03.307959489(LocalDateTime)
<==    Updates: 1
Releasing transactional SqlSession [org.apache.ibatis.session.defaults.DefaultSqlSession@2230b578]
Fetched SqlSession [org.apache.ibatis.session.defaults.DefaultSqlSession@2230b578] from current transaction
==>  Preparing: INSERT INTO fin_budget ( user_id, name, amount, spent, start_date, end_date, status, created_at, updated_at ) VALUES ( ?, ?, ?, ?, ?, ?, ?, ?, ? )
==> Parameters: 1000(Long), Other User Budget(String), 2000.00(BigDecimal), 0(BigDecimal), 2026-01-01(LocalDate), 2026-01-31(LocalDate), 1(Integer), 2026-01-21T01:08:03.311344048(LocalDateTime), 2026-01-21T01:08:03.311371856(LocalDateTime)
<==    Updates: 1
Releasing transactional SqlSession [org.apache.ibatis.session.defaults.DefaultSqlSession@2230b578]
Fetched SqlSession [org.apache.ibatis.session.defaults.DefaultSqlSession@2230b578] from current transaction
==>  Preparing: SELECT budget_id,user_id,name,amount,spent,start_date,end_date,status,created_at,updated_at FROM fin_budget WHERE status=1 AND (user_id = ? AND status <> ?) ORDER BY created_at DESC
==> Parameters: 999(Long), 0(Integer)
<==    Columns: budget_id, user_id, name, amount, spent, start_date, end_date, status, created_at, updated_at
<==        Row: 55, 999, Budget 1, 1000.0000, 0.0000, 2026-01-01, 2026-01-31, 1, 2026-01-21 01:08:03, 2026-01-21 01:08:03
<==      Total: 1
Releasing transactional SqlSession [org.apache.ibatis.session.defaults.DefaultSqlSession@2230b578]
Fetched SqlSession [org.apache.ibatis.session.defaults.DefaultSqlSession@2230b578] from current transaction
==>  Preparing: UPDATE fin_budget SET status=0 WHERE status=1 AND (budget_id IS NOT NULL)
==> Parameters: 
<==    Updates: 2
Releasing transactional SqlSession [org.apache.ibatis.session.defaults.DefaultSqlSession@2230b578]
Transaction synchronization deregistering SqlSession [org.apache.ibatis.session.defaults.DefaultSqlSession@2230b578]
Transaction synchronization closing SqlSession [org.apache.ibatis.session.defaults.DefaultSqlSession@2230b578]
]]></system-out>
  </testcase>
  <testcase name="createBudget_ShouldPersistAndReturnId" classname="com.mamoji.module.budget.service.BudgetServiceIntegrationTest" time="0.041">
    <system-out><![CDATA[Creating a new SqlSession
Registering transaction synchronization for SqlSession [org.apache.ibatis.session.defaults.DefaultSqlSession@4525b096]
JDBC Connection [HikariProxyConnection@1817229580 wrapping com.mysql.cj.jdbc.ConnectionImpl@c617585] will be managed by Spring
==>  Preparing: UPDATE fin_budget SET status=0 WHERE status=1 AND (budget_id IS NOT NULL)
==> Parameters: 
<==    Updates: 1
Releasing transactional SqlSession [org.apache.ibatis.session.defaults.DefaultSqlSession@4525b096]
Fetched SqlSession [org.apache.ibatis.session.defaults.DefaultSqlSession@4525b096] from current transaction
==>  Preparing: INSERT INTO fin_budget ( user_id, name, amount, spent, start_date, end_date, status, created_at, updated_at ) VALUES ( ?, ?, ?, ?, ?, ?, ?, ?, ? )
==> Parameters: 999(Long), Monthly Food Budget(String), 2000.00(BigDecimal), 0(BigDecimal), 2026-01-01(LocalDate), 2026-01-31(LocalDate), 1(Integer), 2026-01-21T01:08:03.363449142(LocalDateTime), 2026-01-21T01:08:03.363498472(LocalDateTime)
<==    Updates: 1
Releasing transactional SqlSession [org.apache.ibatis.session.defaults.DefaultSqlSession@4525b096]
2026-01-21 01:08:03 - Budget created: userId=999, name=Monthly Food Budget
Fetched SqlSession [org.apache.ibatis.session.defaults.DefaultSqlSession@4525b096] from current transaction
==>  Preparing: SELECT budget_id,user_id,name,amount,spent,start_date,end_date,status,created_at,updated_at FROM fin_budget WHERE budget_id=? AND status=1
==> Parameters: 57(Long)
<==    Columns: budget_id, user_id, name, amount, spent, start_date, end_date, status, created_at, updated_at
<==        Row: 57, 999, Monthly Food Budget, 2000.0000, 0.0000, 2026-01-01, 2026-01-31, 1, 2026-01-21 01:08:03, 2026-01-21 01:08:03
<==      Total: 1
Releasing transactional SqlSession [org.apache.ibatis.session.defaults.DefaultSqlSession@4525b096]
Fetched SqlSession [org.apache.ibatis.session.defaults.DefaultSqlSession@4525b096] from current transaction
==>  Preparing: UPDATE fin_budget SET status=0 WHERE status=1 AND (budget_id IS NOT NULL)
==> Parameters: 
<==    Updates: 1
Releasing transactional SqlSession [org.apache.ibatis.session.defaults.DefaultSqlSession@4525b096]
Transaction synchronization deregistering SqlSession [org.apache.ibatis.session.defaults.DefaultSqlSession@4525b096]
Transaction synchronization closing SqlSession [org.apache.ibatis.session.defaults.DefaultSqlSession@4525b096]
]]></system-out>
  </testcase>
  <testcase name="deleteBudget_ShouldSetStatusToZero" classname="com.mamoji.module.budget.service.BudgetServiceIntegrationTest" time="0.048">
    <system-out><![CDATA[Creating a new SqlSession
Registering transaction synchronization for SqlSession [org.apache.ibatis.session.defaults.DefaultSqlSession@5a9dd35]
JDBC Connection [HikariProxyConnection@1500433001 wrapping com.mysql.cj.jdbc.ConnectionImpl@c617585] will be managed by Spring
==>  Preparing: UPDATE fin_budget SET status=0 WHERE status=1 AND (budget_id IS NOT NULL)
==> Parameters: 
<==    Updates: 1
Releasing transactional SqlSession [org.apache.ibatis.session.defaults.DefaultSqlSession@5a9dd35]
Fetched SqlSession [org.apache.ibatis.session.defaults.DefaultSqlSession@5a9dd35] from current transaction
==>  Preparing: INSERT INTO fin_budget ( user_id, name, amount, start_date, end_date, status, created_at, updated_at ) VALUES ( ?, ?, ?, ?, ?, ?, ?, ? )
==> Parameters: 999(Long), To Delete(String), 1000.00(BigDecimal), 2026-01-01(LocalDate), 2026-01-31(LocalDate), 1(Integer), 2026-01-21T01:08:03.405437921(LocalDateTime), 2026-01-21T01:08:03.405481368(LocalDateTime)
<==    Updates: 1
Releasing transactional SqlSession [org.apache.ibatis.session.defaults.DefaultSqlSession@5a9dd35]
Fetched SqlSession [org.apache.ibatis.session.defaults.DefaultSqlSession@5a9dd35] from current transaction
==>  Preparing: SELECT budget_id,user_id,name,amount,spent,start_date,end_date,status,created_at,updated_at FROM fin_budget WHERE budget_id=? AND status=1
==> Parameters: 58(Long)
<==    Columns: budget_id, user_id, name, amount, spent, start_date, end_date, status, created_at, updated_at
<==        Row: 58, 999, To Delete, 1000.0000, 0.0000, 2026-01-01, 2026-01-31, 1, 2026-01-21 01:08:03, 2026-01-21 01:08:03
<==      Total: 1
Releasing transactional SqlSession [org.apache.ibatis.session.defaults.DefaultSqlSession@5a9dd35]
Fetched SqlSession [org.apache.ibatis.session.defaults.DefaultSqlSession@5a9dd35] from current transaction
==>  Preparing: UPDATE fin_budget SET updated_at=?, status=0 WHERE budget_id=? AND status=1
==> Parameters: 2026-01-21T01:08:03.412435931(LocalDateTime), 58(Long)
<==    Updates: 1
Releasing transactional SqlSession [org.apache.ibatis.session.defaults.DefaultSqlSession@5a9dd35]
2026-01-21 01:08:03 - Budget deleted: budgetId=58
Fetched SqlSession [org.apache.ibatis.session.defaults.DefaultSqlSession@5a9dd35] from current transaction
==>  Preparing: SELECT COUNT( * ) AS total FROM fin_budget WHERE status=1 AND (budget_id = ? AND status = ?)
==> Parameters: 58(Long), 1(Integer)
<==    Columns: total
<==        Row: 0
<==      Total: 1
Releasing transactional SqlSession [org.apache.ibatis.session.defaults.DefaultSqlSession@5a9dd35]
Fetched SqlSession [org.apache.ibatis.session.defaults.DefaultSqlSession@5a9dd35] from current transaction
==>  Preparing: UPDATE fin_budget SET status=0 WHERE status=1 AND (budget_id IS NOT NULL)
==> Parameters: 
<==    Updates: 0
Releasing transactional SqlSession [org.apache.ibatis.session.defaults.DefaultSqlSession@5a9dd35]
Transaction synchronization deregistering SqlSession [org.apache.ibatis.session.defaults.DefaultSqlSession@5a9dd35]
Transaction synchronization closing SqlSession [org.apache.ibatis.session.defaults.DefaultSqlSession@5a9dd35]
]]></system-out>
  </testcase>
  <testcase name="getBudget_ShouldReturnVOWhenExists" classname="com.mamoji.module.budget.service.BudgetServiceIntegrationTest" time="0.048">
    <system-out><![CDATA[Creating a new SqlSession
Registering transaction synchronization for SqlSession [org.apache.ibatis.session.defaults.DefaultSqlSession@2e67ef84]
JDBC Connection [HikariProxyConnection@468256106 wrapping com.mysql.cj.jdbc.ConnectionImpl@c617585] will be managed by Spring
==>  Preparing: UPDATE fin_budget SET status=0 WHERE status=1 AND (budget_id IS NOT NULL)
==> Parameters: 
<==    Updates: 1
Releasing transactional SqlSession [org.apache.ibatis.session.defaults.DefaultSqlSession@2e67ef84]
Fetched SqlSession [org.apache.ibatis.session.defaults.DefaultSqlSession@2e67ef84] from current transaction
==>  Preparing: INSERT INTO fin_budget ( user_id, name, amount, spent, start_date, end_date, status, created_at, updated_at ) VALUES ( ?, ?, ?, ?, ?, ?, ?, ?, ? )
==> Parameters: 999(Long), My Budget(String), 3000.00(BigDecimal), 500.00(BigDecimal), 2026-01-01(LocalDate), 2026-01-31(LocalDate), 1(Integer), 2026-01-21T01:08:03.457096758(LocalDateTime), 2026-01-21T01:08:03.457180833(LocalDateTime)
<==    Updates: 1
Releasing transactional SqlSession [org.apache.ibatis.session.defaults.DefaultSqlSession@2e67ef84]
Fetched SqlSession [org.apache.ibatis.session.defaults.DefaultSqlSession@2e67ef84] from current transaction
==>  Preparing: SELECT * FROM fin_budget WHERE budget_id = ?
==> Parameters: 59(Long)
<==    Columns: budget_id, user_id, name, amount, spent, start_date, end_date, status, created_at, updated_at
<==        Row: 59, 999, My Budget, 3000.0000, 500.0000, 2026-01-01, 2026-01-31, 1, 2026-01-21 01:08:03, 2026-01-21 01:08:03
<==      Total: 1
Releasing transactional SqlSession [org.apache.ibatis.session.defaults.DefaultSqlSession@2e67ef84]
Fetched SqlSession [org.apache.ibatis.session.defaults.DefaultSqlSession@2e67ef84] from current transaction
==>  Preparing: UPDATE fin_budget SET status=0 WHERE status=1 AND (budget_id IS NOT NULL)
==> Parameters: 
<==    Updates: 1
Releasing transactional SqlSession [org.apache.ibatis.session.defaults.DefaultSqlSession@2e67ef84]
Transaction synchronization deregistering SqlSession [org.apache.ibatis.session.defaults.DefaultSqlSession@2e67ef84]
Transaction synchronization closing SqlSession [org.apache.ibatis.session.defaults.DefaultSqlSession@2e67ef84]
]]></system-out>
  </testcase>
  <testcase name="recalculateSpent_ShouldUpdateSpentAmount" classname="com.mamoji.module.budget.service.BudgetServiceIntegrationTest" time="0.039">
    <system-out><![CDATA[Creating a new SqlSession
Registering transaction synchronization for SqlSession [org.apache.ibatis.session.defaults.DefaultSqlSession@64c30a1e]
JDBC Connection [HikariProxyConnection@422098403 wrapping com.mysql.cj.jdbc.ConnectionImpl@c617585] will be managed by Spring
==>  Preparing: UPDATE fin_budget SET status=0 WHERE status=1 AND (budget_id IS NOT NULL)
==> Parameters: 
<==    Updates: 1
Releasing transactional SqlSession [org.apache.ibatis.session.defaults.DefaultSqlSession@64c30a1e]
Fetched SqlSession [org.apache.ibatis.session.defaults.DefaultSqlSession@64c30a1e] from current transaction
==>  Preparing: INSERT INTO fin_budget ( user_id, name, amount, spent, start_date, end_date, status, created_at, updated_at ) VALUES ( ?, ?, ?, ?, ?, ?, ?, ?, ? )
==> Parameters: 999(Long), Recalculate Test Budget(String), 2000.00(BigDecimal), 0(BigDecimal), 2026-01-01(LocalDate), 2026-02-20(LocalDate), 1(Integer), 2026-01-21T01:08:03.506876109(LocalDateTime), 2026-01-21T01:08:03.506924556(LocalDateTime)
<==    Updates: 1
Releasing transactional SqlSession [org.apache.ibatis.session.defaults.DefaultSqlSession@64c30a1e]
Fetched SqlSession [org.apache.ibatis.session.defaults.DefaultSqlSession@64c30a1e] from current transaction
==>  Preparing: SELECT * FROM fin_budget WHERE budget_id = ?
==> Parameters: 60(Long)
<==    Columns: budget_id, user_id, name, amount, spent, start_date, end_date, status, created_at, updated_at
<==        Row: 60, 999, Recalculate Test Budget, 2000.0000, 0.0000, 2026-01-01, 2026-02-20, 1, 2026-01-21 01:08:04, 2026-01-21 01:08:04
<==      Total: 1
Releasing transactional SqlSession [org.apache.ibatis.session.defaults.DefaultSqlSession@64c30a1e]
Fetched SqlSession [org.apache.ibatis.session.defaults.DefaultSqlSession@64c30a1e] from current transaction
==>  Preparing: SELECT COALESCE(SUM(amount), 0) FROM fin_transaction WHERE budget_id = ? AND status = 1 AND type = 'expense' AND occurred_at >= ? AND occurred_at <= ?
==> Parameters: 60(Long), 2026-01-01T00:00(LocalDateTime), 2026-02-20T23:59:59(LocalDateTime)
<==    Columns: COALESCE(SUM(amount), 0)
<==        Row: 0.0000
<==      Total: 1
Releasing transactional SqlSession [org.apache.ibatis.session.defaults.DefaultSqlSession@64c30a1e]
Fetched SqlSession [org.apache.ibatis.session.defaults.DefaultSqlSession@64c30a1e] from current transaction
==>  Preparing: UPDATE fin_budget SET spent=?,status=? WHERE status=1 AND (budget_id = ?)
==> Parameters: 0.0000(BigDecimal), 1(Integer), 60(Long)
<==    Updates: 1
Releasing transactional SqlSession [org.apache.ibatis.session.defaults.DefaultSqlSession@64c30a1e]
Fetched SqlSession [org.apache.ibatis.session.defaults.DefaultSqlSession@64c30a1e] from current transaction
==>  Preparing: SELECT budget_id,user_id,name,amount,spent,start_date,end_date,status,created_at,updated_at FROM fin_budget WHERE budget_id=? AND status=1
==> Parameters: 60(Long)
<==    Columns: budget_id, user_id, name, amount, spent, start_date, end_date, status, created_at, updated_at
<==        Row: 60, 999, Recalculate Test Budget, 2000.0000, 0.0000, 2026-01-01, 2026-02-20, 1, 2026-01-21 01:08:04, 2026-01-21 01:08:04
<==      Total: 1
Releasing transactional SqlSession [org.apache.ibatis.session.defaults.DefaultSqlSession@64c30a1e]
Fetched SqlSession [org.apache.ibatis.session.defaults.DefaultSqlSession@64c30a1e] from current transaction
==>  Preparing: UPDATE fin_budget SET status=0 WHERE status=1 AND (budget_id IS NOT NULL)
==> Parameters: 
<==    Updates: 1
Releasing transactional SqlSession [org.apache.ibatis.session.defaults.DefaultSqlSession@64c30a1e]
Transaction synchronization deregistering SqlSession [org.apache.ibatis.session.defaults.DefaultSqlSession@64c30a1e]
Transaction synchronization closing SqlSession [org.apache.ibatis.session.defaults.DefaultSqlSession@64c30a1e]
]]></system-out>
  </testcase>
</testsuite>