<?xml version="1.0" encoding="UTF-8"?>
<testsuite xmlns:xsi="http://www.w3.org/2001/XMLSchema-instance" xsi:noNamespaceSchemaLocation="https://maven.apache.org/surefire/maven-surefire-plugin/xsd/surefire-test-report.xsd" version="3.0.2" name="com.mamoji.module.account.service.AccountServiceIntegrationTest" time="0.32" tests="7" errors="0" skipped="0" failures="0">
  <properties>
[...]
</properties>
  <testcase name="listAccounts_ShouldReturnOnlyUserAccounts" classname="com.mamoji.module.account.service.AccountServiceIntegrationTest" time="0.046">
    <system-out><![CDATA[2026-01-21 01:08:03 - Could not detect default configuration classes for test class [com.mamoji.module.account.service.AccountServiceIntegrationTest]: AccountServiceIntegrationTest does not declare any static, non-private, non-final, nested classes annotated with @Configuration.
2026-01-21 01:08:03 - Found @SpringBootConfiguration com.mamoji.MamojiApplication for test class com.mamoji.module.account.service.AccountServiceIntegrationTest
Creating a new SqlSession
Registering transaction synchronization for SqlSession [org.apache.ibatis.session.defaults.DefaultSqlSession@60ea6f69]
JDBC Connection [HikariProxyConnection@1088745859 wrapping com.mysql.cj.jdbc.ConnectionImpl@c617585] will be managed by Spring
==>  Preparing: UPDATE fin_account SET status=0 WHERE status=1 AND (account_id IS NOT NULL)
==> Parameters: 
<==    Updates: 0
Releasing transactional SqlSession [org.apache.ibatis.session.defaults.DefaultSqlSession@60ea6f69]
Fetched SqlSession [org.apache.ibatis.session.defaults.DefaultSqlSession@60ea6f69] from current transaction
==>  Preparing: INSERT INTO fin_account ( user_id, name, account_type, currency, balance, status, created_at, updated_at ) VALUES ( ?, ?, ?, ?, ?, ?, ?, ? )
==> Parameters: 999(Long), User Account 1(String), bank(String), CNY(String), 5000.00(BigDecimal), 1(Integer), 2026-01-21T01:08:03.566722749(LocalDateTime), 2026-01-21T01:08:03.566787824(LocalDateTime)
<==    Updates: 1
Releasing transactional SqlSession [org.apache.ibatis.session.defaults.DefaultSqlSession@60ea6f69]
Fetched SqlSession [org.apache.ibatis.session.defaults.DefaultSqlSession@60ea6f69] from current transaction
==>  Preparing: INSERT INTO fin_account ( user_id, name, account_type, currency, balance, status, created_at, updated_at ) VALUES ( ?, ?, ?, ?, ?, ?, ?, ? )
==> Parameters: 1000(Long), Other User Account(String), bank(String), CNY(String), 3000.00(BigDecimal), 1(Integer), 2026-01-21T01:08:03.569443095(LocalDateTime), 2026-01-21T01:08:03.569478595(LocalDateTime)
<==    Updates: 1
Releasing transactional SqlSession [org.apache.ibatis.session.defaults.DefaultSqlSession@60ea6f69]
Fetched SqlSession [org.apache.ibatis.session.defaults.DefaultSqlSession@60ea6f69] from current transaction
==>  Preparing: SELECT account_id,user_id,name,account_type,account_sub_type,currency,balance,include_in_total,status,created_at,updated_at FROM fin_account WHERE status=1 AND (user_id = ? AND status = ?) ORDER BY created_at DESC
==> Parameters: 999(Long), 1(Integer)
<==    Columns: account_id, user_id, name, account_type, account_sub_type, currency, balance, include_in_total, status, created_at, updated_at
<==        Row: 53, 999, User Account 1, bank, null, CNY, 5000.0000, 1, 1, 2026-01-21 01:08:04, 2026-01-21 01:08:04
<==      Total: 1
Releasing transactional SqlSession [org.apache.ibatis.session.defaults.DefaultSqlSession@60ea6f69]
Fetched SqlSession [org.apache.ibatis.session.defaults.DefaultSqlSession@60ea6f69] from current transaction
==>  Preparing: UPDATE fin_account SET status=0 WHERE status=1 AND (account_id IS NOT NULL)
==> Parameters: 
<==    Updates: 2
Releasing transactional SqlSession [org.apache.ibatis.session.defaults.DefaultSqlSession@60ea6f69]
Transaction synchronization deregistering SqlSession [org.apache.ibatis.session.defaults.DefaultSqlSession@60ea6f69]
Transaction synchronization closing SqlSession [org.apache.ibatis.session.defaults.DefaultSqlSession@60ea6f69]
]]></system-out>
  </testcase>
  <testcase name="getAccountSummary_ShouldReturnAssetsAndLiabilities" classname="com.mamoji.module.account.service.AccountServiceIntegrationTest" time="0.047">
    <system-out><![CDATA[Creating a new SqlSession
Registering transaction synchronization for SqlSession [org.apache.ibatis.session.defaults.DefaultSqlSession@1c85dbd1]
JDBC Connection [HikariProxyConnection@1098568291 wrapping com.mysql.cj.jdbc.ConnectionImpl@c617585] will be managed by Spring
==>  Preparing: UPDATE fin_account SET status=0 WHERE status=1 AND (account_id IS NOT NULL)
==> Parameters: 
<==    Updates: 0
Releasing transactional SqlSession [org.apache.ibatis.session.defaults.DefaultSqlSession@1c85dbd1]
Fetched SqlSession [org.apache.ibatis.session.defaults.DefaultSqlSession@1c85dbd1] from current transaction
==>  Preparing: INSERT INTO fin_account ( user_id, name, account_type, currency, balance, include_in_total, status, created_at, updated_at ) VALUES ( ?, ?, ?, ?, ?, ?, ?, ?, ? )
==> Parameters: 999(Long), Savings Account(String), bank(String), CNY(String), 10000.00(BigDecimal), 1(Integer), 1(Integer), 2026-01-21T01:08:03.614338997(LocalDateTime), 2026-01-21T01:08:03.614417817(LocalDateTime)
<==    Updates: 1
Releasing transactional SqlSession [org.apache.ibatis.session.defaults.DefaultSqlSession@1c85dbd1]
Fetched SqlSession [org.apache.ibatis.session.defaults.DefaultSqlSession@1c85dbd1] from current transaction
==>  Preparing: INSERT INTO fin_account ( user_id, name, account_type, currency, balance, include_in_total, status, created_at, updated_at ) VALUES ( ?, ?, ?, ?, ?, ?, ?, ?, ? )
==> Parameters: 999(Long), Credit Card(String), credit(String), CNY(String), -3000.00(BigDecimal), 1(Integer), 1(Integer), 2026-01-21T01:08:03.617426121(LocalDateTime), 2026-01-21T01:08:03.617460227(LocalDateTime)
<==    Updates: 1
Releasing transactional SqlSession [org.apache.ibatis.session.defaults.DefaultSqlSession@1c85dbd1]
Fetched SqlSession [org.apache.ibatis.session.defaults.DefaultSqlSession@1c85dbd1] from current transaction
==>  Preparing: SELECT account_id,user_id,name,account_type,account_sub_type,currency,balance,include_in_total,status,created_at,updated_at FROM fin_account WHERE status=1 AND (user_id = ? AND status = ?)
==> Parameters: 999(Long), 1(Integer)
<==    Columns: account_id, user_id, name, account_type, account_sub_type, currency, balance, include_in_total, status, created_at, updated_at
<==        Row: 55, 999, Savings Account, bank, null, CNY, 10000.0000, 1, 1, 2026-01-21 01:08:04, 2026-01-21 01:08:04
<==        Row: 56, 999, Credit Card, credit, null, CNY, -3000.0000, 1, 1, 2026-01-21 01:08:04, 2026-01-21 01:08:04
<==      Total: 2
Releasing transactional SqlSession [org.apache.ibatis.session.defaults.DefaultSqlSession@1c85dbd1]
Fetched SqlSession [org.apache.ibatis.session.defaults.DefaultSqlSession@1c85dbd1] from current transaction
==>  Preparing: UPDATE fin_account SET status=0 WHERE status=1 AND (account_id IS NOT NULL)
==> Parameters: 
<==    Updates: 2
Releasing transactional SqlSession [org.apache.ibatis.session.defaults.DefaultSqlSession@1c85dbd1]
Transaction synchronization deregistering SqlSession [org.apache.ibatis.session.defaults.DefaultSqlSession@1c85dbd1]
Transaction synchronization closing SqlSession [org.apache.ibatis.session.defaults.DefaultSqlSession@1c85dbd1]
]]></system-out>
  </testcase>
  <testcase name="updateAccount_ShouldModifyExistingRecord" classname="com.mamoji.module.account.service.AccountServiceIntegrationTest" time="0.053">
    <system-out><![CDATA[Creating a new SqlSession
Registering transaction synchronization for SqlSession [org.apache.ibatis.session.defaults.DefaultSqlSession@ec21911]
JDBC Connection [HikariProxyConnection@633824154 wrapping com.mysql.cj.jdbc.ConnectionImpl@c617585] will be managed by Spring
==>  Preparing: UPDATE fin_account SET status=0 WHERE status=1 AND (account_id IS NOT NULL)
==> Parameters: 
<==    Updates: 0
Releasing transactional SqlSession [org.apache.ibatis.session.defaults.DefaultSqlSession@ec21911]
Fetched SqlSession [org.apache.ibatis.session.defaults.DefaultSqlSession@ec21911] from current transaction
==>  Preparing: INSERT INTO fin_account ( user_id, name, account_type, currency, balance, status, created_at, updated_at ) VALUES ( ?, ?, ?, ?, ?, ?, ?, ? )
==> Parameters: 999(Long), Original Name(String), bank(String), CNY(String), 5000.00(BigDecimal), 1(Integer), 2026-01-21T01:08:03.663916417(LocalDateTime), 2026-01-21T01:08:03.663989502(LocalDateTime)
<==    Updates: 1
Releasing transactional SqlSession [org.apache.ibatis.session.defaults.DefaultSqlSession@ec21911]
Fetched SqlSession [org.apache.ibatis.session.defaults.DefaultSqlSession@ec21911] from current transaction
==>  Preparing: SELECT account_id,user_id,name,account_type,account_sub_type,currency,balance,include_in_total,status,created_at,updated_at FROM fin_account WHERE account_id=? AND status=1
==> Parameters: 57(Long)
<==    Columns: account_id, user_id, name, account_type, account_sub_type, currency, balance, include_in_total, status, created_at, updated_at
<==        Row: 57, 999, Original Name, bank, null, CNY, 5000.0000, 1, 1, 2026-01-21 01:08:04, 2026-01-21 01:08:04
<==      Total: 1
Releasing transactional SqlSession [org.apache.ibatis.session.defaults.DefaultSqlSession@ec21911]
Fetched SqlSession [org.apache.ibatis.session.defaults.DefaultSqlSession@ec21911] from current transaction
==>  Preparing: UPDATE fin_account SET name=?,account_sub_type=?,currency=?,balance=? WHERE status=1 AND (account_id = ?)
==> Parameters: Updated Name(String), null, CNY(String), 6000.00(BigDecimal), 57(Long)
<==    Updates: 1
Releasing transactional SqlSession [org.apache.ibatis.session.defaults.DefaultSqlSession@ec21911]
2026-01-21 01:08:03 - Account updated: accountId=57
Fetched SqlSession [org.apache.ibatis.session.defaults.DefaultSqlSession@ec21911] from current transaction
==>  Preparing: SELECT account_id,user_id,name,account_type,account_sub_type,currency,balance,include_in_total,status,created_at,updated_at FROM fin_account WHERE account_id=? AND status=1
==> Parameters: 57(Long)
<==    Columns: account_id, user_id, name, account_type, account_sub_type, currency, balance, include_in_total, status, created_at, updated_at
<==        Row: 57, 999, Updated Name, bank, null, CNY, 6000.0000, 1, 1, 2026-01-21 01:08:04, 2026-01-20 17:08:03
<==      Total: 1
Releasing transactional SqlSession [org.apache.ibatis.session.defaults.DefaultSqlSession@ec21911]
Fetched SqlSession [org.apache.ibatis.session.defaults.DefaultSqlSession@ec21911] from current transaction
==>  Preparing: UPDATE fin_account SET status=0 WHERE status=1 AND (account_id IS NOT NULL)
==> Parameters: 
<==    Updates: 1
Releasing transactional SqlSession [org.apache.ibatis.session.defaults.DefaultSqlSession@ec21911]
Transaction synchronization deregistering SqlSession [org.apache.ibatis.session.defaults.DefaultSqlSession@ec21911]
Transaction synchronization closing SqlSession [org.apache.ibatis.session.defaults.DefaultSqlSession@ec21911]
]]></system-out>
  </testcase>
  <testcase name="deleteAccount_ShouldSetStatusToZero" classname="com.mamoji.module.account.service.AccountServiceIntegrationTest" time="0.042">
    <system-out><![CDATA[Creating a new SqlSession
Registering transaction synchronization for SqlSession [org.apache.ibatis.session.defaults.DefaultSqlSession@19bce57a]
JDBC Connection [HikariProxyConnection@1082957888 wrapping com.mysql.cj.jdbc.ConnectionImpl@c617585] will be managed by Spring
==>  Preparing: UPDATE fin_account SET status=0 WHERE status=1 AND (account_id IS NOT NULL)
==> Parameters: 
<==    Updates: 0
Releasing transactional SqlSession [org.apache.ibatis.session.defaults.DefaultSqlSession@19bce57a]
Fetched SqlSession [org.apache.ibatis.session.defaults.DefaultSqlSession@19bce57a] from current transaction
==>  Preparing: INSERT INTO fin_account ( user_id, name, account_type, currency, balance, status, created_at, updated_at ) VALUES ( ?, ?, ?, ?, ?, ?, ?, ? )
==> Parameters: 999(Long), To Delete(String), bank(String), CNY(String), 1000.00(BigDecimal), 1(Integer), 2026-01-21T01:08:03.719038619(LocalDateTime), 2026-01-21T01:08:03.719092406(LocalDateTime)
<==    Updates: 1
Releasing transactional SqlSession [org.apache.ibatis.session.defaults.DefaultSqlSession@19bce57a]
Fetched SqlSession [org.apache.ibatis.session.defaults.DefaultSqlSession@19bce57a] from current transaction
==>  Preparing: SELECT account_id,user_id,name,account_type,account_sub_type,currency,balance,include_in_total,status,created_at,updated_at FROM fin_account WHERE account_id=? AND status=1
==> Parameters: 58(Long)
<==    Columns: account_id, user_id, name, account_type, account_sub_type, currency, balance, include_in_total, status, created_at, updated_at
<==        Row: 58, 999, To Delete, bank, null, CNY, 1000.0000, 1, 1, 2026-01-21 01:08:04, 2026-01-21 01:08:04
<==      Total: 1
Releasing transactional SqlSession [org.apache.ibatis.session.defaults.DefaultSqlSession@19bce57a]
Fetched SqlSession [org.apache.ibatis.session.defaults.DefaultSqlSession@19bce57a] from current transaction
==>  Preparing: UPDATE fin_account SET status=? WHERE status=1 AND (account_id = ?)
==> Parameters: 0(Integer), 58(Long)
<==    Updates: 1
Releasing transactional SqlSession [org.apache.ibatis.session.defaults.DefaultSqlSession@19bce57a]
2026-01-21 01:08:03 - Account deleted: accountId=58
Fetched SqlSession [org.apache.ibatis.session.defaults.DefaultSqlSession@19bce57a] from current transaction
==>  Preparing: SELECT COUNT( * ) AS total FROM fin_account WHERE status=1 AND (account_id = ? AND status = ?)
==> Parameters: 58(Long), 1(Integer)
<==    Columns: total
<==        Row: 0
<==      Total: 1
Releasing transactional SqlSession [org.apache.ibatis.session.defaults.DefaultSqlSession@19bce57a]
Fetched SqlSession [org.apache.ibatis.session.defaults.DefaultSqlSession@19bce57a] from current transaction
==>  Preparing: UPDATE fin_account SET status=0 WHERE status=1 AND (account_id IS NOT NULL)
==> Parameters: 
<==    Updates: 0
Releasing transactional SqlSession [org.apache.ibatis.session.defaults.DefaultSqlSession@19bce57a]
Transaction synchronization deregistering SqlSession [org.apache.ibatis.session.defaults.DefaultSqlSession@19bce57a]
Transaction synchronization closing SqlSession [org.apache.ibatis.session.defaults.DefaultSqlSession@19bce57a]
]]></system-out>
  </testcase>
  <testcase name="updateBalance_ShouldModifyAccountBalance" classname="com.mamoji.module.account.service.AccountServiceIntegrationTest" time="0.035">
    <system-out><![CDATA[Creating a new SqlSession
Registering transaction synchronization for SqlSession [org.apache.ibatis.session.defaults.DefaultSqlSession@69b2cffd]
JDBC Connection [HikariProxyConnection@1257610787 wrapping com.mysql.cj.jdbc.ConnectionImpl@c617585] will be managed by Spring
==>  Preparing: UPDATE fin_account SET status=0 WHERE status=1 AND (account_id IS NOT NULL)
==> Parameters: 
<==    Updates: 0
Releasing transactional SqlSession [org.apache.ibatis.session.defaults.DefaultSqlSession@69b2cffd]
Fetched SqlSession [org.apache.ibatis.session.defaults.DefaultSqlSession@69b2cffd] from current transaction
==>  Preparing: INSERT INTO fin_account ( user_id, name, account_type, currency, balance, status, created_at, updated_at ) VALUES ( ?, ?, ?, ?, ?, ?, ?, ? )
==> Parameters: 999(Long), Balance Test Account(String), bank(String), CNY(String), 5000.00(BigDecimal), 1(Integer), 2026-01-21T01:08:03.761646346(LocalDateTime), 2026-01-21T01:08:03.761691846(LocalDateTime)
<==    Updates: 1
Releasing transactional SqlSession [org.apache.ibatis.session.defaults.DefaultSqlSession@69b2cffd]
Fetched SqlSession [org.apache.ibatis.session.defaults.DefaultSqlSession@69b2cffd] from current transaction
==>  Preparing: UPDATE fin_account SET balance = balance + 1000.00 WHERE status=1 AND (account_id = ?)
==> Parameters: 59(Long)
<==    Updates: 1
Releasing transactional SqlSession [org.apache.ibatis.session.defaults.DefaultSqlSession@69b2cffd]
Fetched SqlSession [org.apache.ibatis.session.defaults.DefaultSqlSession@69b2cffd] from current transaction
==>  Preparing: SELECT account_id,user_id,name,account_type,account_sub_type,currency,balance,include_in_total,status,created_at,updated_at FROM fin_account WHERE account_id=? AND status=1
==> Parameters: 59(Long)
<==    Columns: account_id, user_id, name, account_type, account_sub_type, currency, balance, include_in_total, status, created_at, updated_at
<==        Row: 59, 999, Balance Test Account, bank, null, CNY, 6000.0000, 1, 1, 2026-01-21 01:08:04, 2026-01-20 17:08:03
<==      Total: 1
Releasing transactional SqlSession [org.apache.ibatis.session.defaults.DefaultSqlSession@69b2cffd]
Fetched SqlSession [org.apache.ibatis.session.defaults.DefaultSqlSession@69b2cffd] from current transaction
==>  Preparing: UPDATE fin_account SET status=0 WHERE status=1 AND (account_id IS NOT NULL)
==> Parameters: 
<==    Updates: 1
Releasing transactional SqlSession [org.apache.ibatis.session.defaults.DefaultSqlSession@69b2cffd]
Transaction synchronization deregistering SqlSession [org.apache.ibatis.session.defaults.DefaultSqlSession@69b2cffd]
Transaction synchronization closing SqlSession [org.apache.ibatis.session.defaults.DefaultSqlSession@69b2cffd]
]]></system-out>
  </testcase>
  <testcase name="createAccount_ShouldPersistAndReturnId" classname="com.mamoji.module.account.service.AccountServiceIntegrationTest" time="0.034">
    <system-out><![CDATA[Creating a new SqlSession
Registering transaction synchronization for SqlSession [org.apache.ibatis.session.defaults.DefaultSqlSession@50730206]
JDBC Connection [HikariProxyConnection@591884522 wrapping com.mysql.cj.jdbc.ConnectionImpl@c617585] will be managed by Spring
==>  Preparing: UPDATE fin_account SET status=0 WHERE status=1 AND (account_id IS NOT NULL)
==> Parameters: 
<==    Updates: 0
Releasing transactional SqlSession [org.apache.ibatis.session.defaults.DefaultSqlSession@50730206]
Fetched SqlSession [org.apache.ibatis.session.defaults.DefaultSqlSession@50730206] from current transaction
==>  Preparing: INSERT INTO fin_account ( user_id, name, account_type, account_sub_type, currency, balance, include_in_total, status, created_at, updated_at ) VALUES ( ?, ?, ?, ?, ?, ?, ?, ?, ?, ? )
==> Parameters: 999(Long), Test Bank Account(String), bank(String), bank_primary(String), CNY(String), 10000.00(BigDecimal), 1(Integer), 1(Integer), 2026-01-21T01:08:03.795754707(LocalDateTime), 2026-01-21T01:08:03.795790346(LocalDateTime)
<==    Updates: 1
Releasing transactional SqlSession [org.apache.ibatis.session.defaults.DefaultSqlSession@50730206]
2026-01-21 01:08:03 - Account created: userId=999, name=Test Bank Account
Fetched SqlSession [org.apache.ibatis.session.defaults.DefaultSqlSession@50730206] from current transaction
==>  Preparing: SELECT account_id,user_id,name,account_type,account_sub_type,currency,balance,include_in_total,status,created_at,updated_at FROM fin_account WHERE account_id=? AND status=1
==> Parameters: 60(Long)
<==    Columns: account_id, user_id, name, account_type, account_sub_type, currency, balance, include_in_total, status, created_at, updated_at
<==        Row: 60, 999, Test Bank Account, bank, bank_primary, CNY, 10000.0000, 1, 1, 2026-01-21 01:08:04, 2026-01-21 01:08:04
<==      Total: 1
Releasing transactional SqlSession [org.apache.ibatis.session.defaults.DefaultSqlSession@50730206]
Fetched SqlSession [org.apache.ibatis.session.defaults.DefaultSqlSession@50730206] from current transaction
==>  Preparing: UPDATE fin_account SET status=0 WHERE status=1 AND (account_id IS NOT NULL)
==> Parameters: 
<==    Updates: 1
Releasing transactional SqlSession [org.apache.ibatis.session.defaults.DefaultSqlSession@50730206]
Transaction synchronization deregistering SqlSession [org.apache.ibatis.session.defaults.DefaultSqlSession@50730206]
Transaction synchronization closing SqlSession [org.apache.ibatis.session.defaults.DefaultSqlSession@50730206]
]]></system-out>
  </testcase>
  <testcase name="getAccount_ShouldReturnVOWhenExists" classname="com.mamoji.module.account.service.AccountServiceIntegrationTest" time="0.035">
    <system-out><![CDATA[Creating a new SqlSession
Registering transaction synchronization for SqlSession [org.apache.ibatis.session.defaults.DefaultSqlSession@6953ec1e]
JDBC Connection [HikariProxyConnection@1274389018 wrapping com.mysql.cj.jdbc.ConnectionImpl@c617585] will be managed by Spring
==>  Preparing: UPDATE fin_account SET status=0 WHERE status=1 AND (account_id IS NOT NULL)
==> Parameters: 
<==    Updates: 0
Releasing transactional SqlSession [org.apache.ibatis.session.defaults.DefaultSqlSession@6953ec1e]
Fetched SqlSession [org.apache.ibatis.session.defaults.DefaultSqlSession@6953ec1e] from current transaction
==>  Preparing: INSERT INTO fin_account ( user_id, name, account_type, currency, balance, status, created_at, updated_at ) VALUES ( ?, ?, ?, ?, ?, ?, ?, ? )
==> Parameters: 999(Long), My Account(String), bank(String), CNY(String), 10000.00(BigDecimal), 1(Integer), 2026-01-21T01:08:03.835523238(LocalDateTime), 2026-01-21T01:08:03.835572845(LocalDateTime)
<==    Updates: 1
Releasing transactional SqlSession [org.apache.ibatis.session.defaults.DefaultSqlSession@6953ec1e]
Fetched SqlSession [org.apache.ibatis.session.defaults.DefaultSqlSession@6953ec1e] from current transaction
==>  Preparing: SELECT account_id,user_id,name,account_type,account_sub_type,currency,balance,include_in_total,status,created_at,updated_at FROM fin_account WHERE account_id=? AND status=1
==> Parameters: 61(Long)
<==    Columns: account_id, user_id, name, account_type, account_sub_type, currency, balance, include_in_total, status, created_at, updated_at
<==        Row: 61, 999, My Account, bank, null, CNY, 10000.0000, 1, 1, 2026-01-21 01:08:04, 2026-01-21 01:08:04
<==      Total: 1
Releasing transactional SqlSession [org.apache.ibatis.session.defaults.DefaultSqlSession@6953ec1e]
Fetched SqlSession [org.apache.ibatis.session.defaults.DefaultSqlSession@6953ec1e] from current transaction
==>  Preparing: UPDATE fin_account SET status=0 WHERE status=1 AND (account_id IS NOT NULL)
==> Parameters: 
<==    Updates: 1
Releasing transactional SqlSession [org.apache.ibatis.session.defaults.DefaultSqlSession@6953ec1e]
Transaction synchronization deregistering SqlSession [org.apache.ibatis.session.defaults.DefaultSqlSession@6953ec1e]
Transaction synchronization closing SqlSession [org.apache.ibatis.session.defaults.DefaultSqlSession@6953ec1e]
]]></system-out>
  </testcase>
</testsuite>