<?xml version="1.0" encoding="UTF-8"?>
<testsuite xmlns:xsi="http://www.w3.org/2001/XMLSchema-instance" xsi:noNamespaceSchemaLocation="https://maven.apache.org/surefire/maven-surefire-plugin/xsd/surefire-test-report.xsd" version="3.0.2" name="com.mamoji.module.auth.service.AuthServiceTest" time="0.53" tests="9" errors="0" skipped="0" failures="0">
  <properties>
[...]
</properties>
  <testcase name="existsByUsername_UserNotExists_ReturnsFalse" classname="com.mamoji.module.auth.service.AuthServiceTest" time="0.368"/>
  <testcase name="getProfile_UserNotFound_ThrowsException" classname="com.mamoji.module.auth.service.AuthServiceTest" time="0.025"/>
  <testcase name="register_NewUser_CallsInsert" classname="com.mamoji.module.auth.service.AuthServiceTest" time="0.052">
    <system-out><![CDATA[2026-01-21 01:07:59 - User registered: newuser
]]></system-out>
  </testcase>
  <testcase name="logout_ValidToken_AddsToBlacklist" classname="com.mamoji.module.auth.service.AuthServiceTest" time="0.012">
    <system-out><![CDATA[2026-01-21 01:07:59 - User logged out
]]></system-out>
  </testcase>
  <testcase name="existsByUsername_UserExists_ReturnsTrue" classname="com.mamoji.module.auth.service.AuthServiceTest" time="0.007"/>
  <testcase name="login_WithInvalidPassword_ThrowsException" classname="com.mamoji.module.auth.service.AuthServiceTest" time="0.007"/>
  <testcase name="login_WithNonExistentUser_ThrowsException" classname="com.mamoji.module.auth.service.AuthServiceTest" time="0.007"/>
  <testcase name="login_WithValidCredentials_ReturnsToken" classname="com.mamoji.module.auth.service.AuthServiceTest" time="0.024">
    <system-out><![CDATA[2026-01-21 01:07:59 - User logged in: testuser
]]></system-out>
  </testcase>
  <testcase name="getProfile_UserExists_ReturnsUserInfo" classname="com.mamoji.module.auth.service.AuthServiceTest" time="0.006"/>
</testsuite>