<?xml version="1.0" encoding="UTF-8"?>
<testsuite xmlns:xsi="http://www.w3.org/2001/XMLSchema-instance" xsi:noNamespaceSchemaLocation="https://maven.apache.org/surefire/maven-surefire-plugin/xsd/surefire-test-report.xsd" version="3.0.2" name="com.mamoji.module.transaction.service.TransactionServiceIntegrationTest" time="1.03" tests="6" errors="0" skipped="0" failures="0">
  <properties>
[...]
</properties>
  <testcase name="createTransaction_ShouldPersistAndReturnId" classname="com.mamoji.module.transaction.service.TransactionServiceIntegrationTest" time="0.275">
    <system-out><![CDATA[2026-01-21 01:07:59 - Could not detect default configuration classes for test class [com.mamoji.module.transaction.service.TransactionServiceIntegrationTest]: TransactionServiceIntegrationTest does not declare any static, non-private, non-final, nested classes annotated with @Configuration.
2026-01-21 01:07:59 - Found @SpringBootConfiguration com.mamoji.MamojiApplication for test class com.mamoji.module.transaction.service.TransactionServiceIntegrationTest
Creating a new SqlSession
Registering transaction synchronization for SqlSession [org.apache.ibatis.session.defaults.DefaultSqlSession@31d97830]
JDBC Connection [HikariProxyConnection@1237779233 wrapping com.mysql.cj.jdbc.ConnectionImpl@c617585] will be managed by Spring
==>  Preparing: UPDATE fin_transaction SET status=0 WHERE status=1 AND (transaction_id IS NOT NULL)
==> Parameters: 
<==    Updates: 0
Releasing transactional SqlSession [org.apache.ibatis.session.defaults.DefaultSqlSession@31d97830]
Fetched SqlSession [org.apache.ibatis.session.defaults.DefaultSqlSession@31d97830] from current transaction
==>  Preparing: UPDATE fin_account SET status=0 WHERE status=1 AND (account_id IS NOT NULL)
==> Parameters: 
<==    Updates: 0
Releasing transactional SqlSession [org.apache.ibatis.session.defaults.DefaultSqlSession@31d97830]
Fetched SqlSession [org.apache.ibatis.session.defaults.DefaultSqlSession@31d97830] from current transaction
==>  Preparing: UPDATE fin_category SET status=0 WHERE status=1 AND (category_id IS NOT NULL)
==> Parameters: 
<==    Updates: 0
Releasing transactional SqlSession [org.apache.ibatis.session.defaults.DefaultSqlSession@31d97830]
Fetched SqlSession [org.apache.ibatis.session.defaults.DefaultSqlSession@31d97830] from current transaction
==>  Preparing: INSERT INTO fin_account ( user_id, name, account_type, currency, balance, status, created_at, updated_at ) VALUES ( ?, ?, ?, ?, ?, ?, ?, ? )
==> Parameters: 999(Long), Test Account(String), bank(String), CNY(String), 10000.00(BigDecimal), 1(Integer), 2026-01-21T01:08:00.112841199(LocalDateTime), 2026-01-21T01:08:00.113112040(LocalDateTime)
<==    Updates: 1
Releasing transactional SqlSession [org.apache.ibatis.session.defaults.DefaultSqlSession@31d97830]
Fetched SqlSession [org.apache.ibatis.session.defaults.DefaultSqlSession@31d97830] from current transaction
==>  Preparing: INSERT INTO fin_category ( user_id, name, type, status, created_at, updated_at ) VALUES ( ?, ?, ?, ?, ?, ? )
==> Parameters: 999(Long), Test Category(String), expense(String), 1(Integer), 2026-01-21T01:08:00.126645135(LocalDateTime), 2026-01-21T01:08:00.127143137(LocalDateTime)
<==    Updates: 1
Releasing transactional SqlSession [org.apache.ibatis.session.defaults.DefaultSqlSession@31d97830]
Fetched SqlSession [org.apache.ibatis.session.defaults.DefaultSqlSession@31d97830] from current transaction
==>  Preparing: SELECT account_id,user_id,name,account_type,account_sub_type,currency,balance,include_in_total,status,created_at,updated_at FROM fin_account WHERE status=1 AND (user_id = ? AND status = ?) ORDER BY created_at DESC
==> Parameters: 999(Long), 1(Integer)
<==    Columns: account_id, user_id, name, account_type, account_sub_type, currency, balance, include_in_total, status, created_at, updated_at
<==        Row: 47, 999, Test Account, bank, null, CNY, 10000.0000, 1, 1, 2026-01-21 01:08:00, 2026-01-21 01:08:00
<==      Total: 1
Releasing transactional SqlSession [org.apache.ibatis.session.defaults.DefaultSqlSession@31d97830]
Fetched SqlSession [org.apache.ibatis.session.defaults.DefaultSqlSession@31d97830] from current transaction
==>  Preparing: SELECT category_id,user_id,name,type,status,created_at,updated_at FROM fin_category WHERE category_id=? AND status=1
==> Parameters: 46(Long)
<==    Columns: category_id, user_id, name, type, status, created_at, updated_at
<==        Row: 46, 999, Test Category, expense, 1, 2026-01-21 01:08:00, 2026-01-21 01:08:00
<==      Total: 1
Releasing transactional SqlSession [org.apache.ibatis.session.defaults.DefaultSqlSession@31d97830]
Fetched SqlSession [org.apache.ibatis.session.defaults.DefaultSqlSession@31d97830] from current transaction
==>  Preparing: INSERT INTO fin_transaction ( user_id, account_id, category_id, type, amount, currency, occurred_at, note, status, created_at, updated_at ) VALUES ( ?, ?, ?, ?, ?, ?, ?, ?, ?, ?, ? )
==> Parameters: 999(Long), 47(Long), 46(Long), expense(String), 100.00(BigDecimal), CNY(String), 2026-01-21T01:08:00.148497879(LocalDateTime), Test transaction(String), 1(Integer), 2026-01-21T01:08:00.206698193(LocalDateTime), 2026-01-21T01:08:00.206929556(LocalDateTime)
<==    Updates: 1
Releasing transactional SqlSession [org.apache.ibatis.session.defaults.DefaultSqlSession@31d97830]
Fetched SqlSession [org.apache.ibatis.session.defaults.DefaultSqlSession@31d97830] from current transaction
==>  Preparing: UPDATE fin_account SET balance = balance + -100.00 WHERE status=1 AND (account_id = ?)
==> Parameters: 47(Long)
<==    Updates: 1
Releasing transactional SqlSession [org.apache.ibatis.session.defaults.DefaultSqlSession@31d97830]
2026-01-21 01:08:00 - Transaction created: userId=999, type=expense, amount=100.00
Fetched SqlSession [org.apache.ibatis.session.defaults.DefaultSqlSession@31d97830] from current transaction
==>  Preparing: SELECT transaction_id,user_id,account_id,category_id,budget_id,type,amount,currency,occurred_at,note,status,created_at,updated_at FROM fin_transaction WHERE transaction_id=? AND status=1
==> Parameters: 67(Long)
<==    Columns: transaction_id, user_id, account_id, category_id, budget_id, type, amount, currency, occurred_at, note, status, created_at, updated_at
<==        Row: 67, 999, 47, 46, null, expense, 100.0000, CNY, 2026-01-21 01:08:00, Test transaction, 1, 2026-01-21 01:08:00, 2026-01-21 01:08:00
<==      Total: 1
Releasing transactional SqlSession [org.apache.ibatis.session.defaults.DefaultSqlSession@31d97830]
Fetched SqlSession [org.apache.ibatis.session.defaults.DefaultSqlSession@31d97830] from current transaction
==>  Preparing: UPDATE fin_transaction SET status=0 WHERE status=1 AND (transaction_id IS NOT NULL)
==> Parameters: 
<==    Updates: 1
Releasing transactional SqlSession [org.apache.ibatis.session.defaults.DefaultSqlSession@31d97830]
Fetched SqlSession [org.apache.ibatis.session.defaults.DefaultSqlSession@31d97830] from current transaction
==>  Preparing: UPDATE fin_account SET status=0 WHERE status=1 AND (account_id IS NOT NULL)
==> Parameters: 
<==    Updates: 1
Releasing transactional SqlSession [org.apache.ibatis.session.defaults.DefaultSqlSession@31d97830]
Fetched SqlSession [org.apache.ibatis.session.defaults.DefaultSqlSession@31d97830] from current transaction
==>  Preparing: UPDATE fin_category SET status=0 WHERE status=1 AND (category_id IS NOT NULL)
==> Parameters: 
<==    Updates: 1
Releasing transactional SqlSession [org.apache.ibatis.session.defaults.DefaultSqlSession@31d97830]
Transaction synchronization deregistering SqlSession [org.apache.ibatis.session.defaults.DefaultSqlSession@31d97830]
Transaction synchronization closing SqlSession [org.apache.ibatis.session.defaults.DefaultSqlSession@31d97830]
]]></system-out>
  </testcase>
  <testcase name="getRecentTransactions_ShouldReturnLimitedList" classname="com.mamoji.module.transaction.service.TransactionServiceIntegrationTest" time="0.274">
    <system-out><![CDATA[Creating a new SqlSession
Registering transaction synchronization for SqlSession [org.apache.ibatis.session.defaults.DefaultSqlSession@6d2755a1]
JDBC Connection [HikariProxyConnection@1453587262 wrapping com.mysql.cj.jdbc.ConnectionImpl@c617585] will be managed by Spring
==>  Preparing: UPDATE fin_transaction SET status=0 WHERE status=1 AND (transaction_id IS NOT NULL)
==> Parameters: 
<==    Updates: 0
Releasing transactional SqlSession [org.apache.ibatis.session.defaults.DefaultSqlSession@6d2755a1]
Fetched SqlSession [org.apache.ibatis.session.defaults.DefaultSqlSession@6d2755a1] from current transaction
==>  Preparing: UPDATE fin_account SET status=0 WHERE status=1 AND (account_id IS NOT NULL)
==> Parameters: 
<==    Updates: 0
Releasing transactional SqlSession [org.apache.ibatis.session.defaults.DefaultSqlSession@6d2755a1]
Fetched SqlSession [org.apache.ibatis.session.defaults.DefaultSqlSession@6d2755a1] from current transaction
==>  Preparing: UPDATE fin_category SET status=0 WHERE status=1 AND (category_id IS NOT NULL)
==> Parameters: 
<==    Updates: 0
Releasing transactional SqlSession [org.apache.ibatis.session.defaults.DefaultSqlSession@6d2755a1]
Fetched SqlSession [org.apache.ibatis.session.defaults.DefaultSqlSession@6d2755a1] from current transaction
==>  Preparing: INSERT INTO fin_account ( user_id, name, account_type, currency, balance, status, created_at, updated_at ) VALUES ( ?, ?, ?, ?, ?, ?, ?, ? )
==> Parameters: 999(Long), Test Account(String), bank(String), CNY(String), 10000.00(BigDecimal), 1(Integer), 2026-01-21T01:08:00.351908701(LocalDateTime), 2026-01-21T01:08:00.352188191(LocalDateTime)
<==    Updates: 1
Releasing transactional SqlSession [org.apache.ibatis.session.defaults.DefaultSqlSession@6d2755a1]
Fetched SqlSession [org.apache.ibatis.session.defaults.DefaultSqlSession@6d2755a1] from current transaction
==>  Preparing: INSERT INTO fin_category ( user_id, name, type, status, created_at, updated_at ) VALUES ( ?, ?, ?, ?, ?, ? )
==> Parameters: 999(Long), Test Category(String), expense(String), 1(Integer), 2026-01-21T01:08:00.359340586(LocalDateTime), 2026-01-21T01:08:00.359492395(LocalDateTime)
<==    Updates: 1
Releasing transactional SqlSession [org.apache.ibatis.session.defaults.DefaultSqlSession@6d2755a1]
Fetched SqlSession [org.apache.ibatis.session.defaults.DefaultSqlSession@6d2755a1] from current transaction
==>  Preparing: INSERT INTO fin_transaction ( user_id, account_id, category_id, type, amount, currency, occurred_at, status, created_at, updated_at ) VALUES ( ?, ?, ?, ?, ?, ?, ?, ?, ?, ? )
==> Parameters: 999(Long), 48(Long), 47(Long), expense(String), 10.00(BigDecimal), CNY(String), 2026-01-21T01:08:00.364266738(LocalDateTime), 1(Integer), 2026-01-21T01:08:00.366706348(LocalDateTime), 2026-01-21T01:08:00.366784923(LocalDateTime)
<==    Updates: 1
Releasing transactional SqlSession [org.apache.ibatis.session.defaults.DefaultSqlSession@6d2755a1]
Fetched SqlSession [org.apache.ibatis.session.defaults.DefaultSqlSession@6d2755a1] from current transaction
==>  Preparing: INSERT INTO fin_transaction ( user_id, account_id, category_id, type, amount, currency, occurred_at, status, created_at, updated_at ) VALUES ( ?, ?, ?, ?, ?, ?, ?, ?, ?, ? )
==> Parameters: 999(Long), 48(Long), 47(Long), expense(String), 10.00(BigDecimal), CNY(String), 2026-01-21T01:08:00.373661333(LocalDateTime), 1(Integer), 2026-01-21T01:08:00.376342290(LocalDateTime), 2026-01-21T01:08:00.376380046(LocalDateTime)
<==    Updates: 1
Releasing transactional SqlSession [org.apache.ibatis.session.defaults.DefaultSqlSession@6d2755a1]
Fetched SqlSession [org.apache.ibatis.session.defaults.DefaultSqlSession@6d2755a1] from current transaction
==>  Preparing: INSERT INTO fin_transaction ( user_id, account_id, category_id, type, amount, currency, occurred_at, status, created_at, updated_at ) VALUES ( ?, ?, ?, ?, ?, ?, ?, ?, ?, ? )
==> Parameters: 999(Long), 48(Long), 47(Long), expense(String), 10.00(BigDecimal), CNY(String), 2026-01-21T01:08:00.383157955(LocalDateTime), 1(Integer), 2026-01-21T01:08:00.384613333(LocalDateTime), 2026-01-21T01:08:00.384668865(LocalDateTime)
<==    Updates: 1
Releasing transactional SqlSession [org.apache.ibatis.session.defaults.DefaultSqlSession@6d2755a1]
Fetched SqlSession [org.apache.ibatis.session.defaults.DefaultSqlSession@6d2755a1] from current transaction
==>  Preparing: INSERT INTO fin_transaction ( user_id, account_id, category_id, type, amount, currency, occurred_at, status, created_at, updated_at ) VALUES ( ?, ?, ?, ?, ?, ?, ?, ?, ?, ? )
==> Parameters: 999(Long), 48(Long), 47(Long), expense(String), 10.00(BigDecimal), CNY(String), 2026-01-21T01:08:00.388636795(LocalDateTime), 1(Integer), 2026-01-21T01:08:00.389177270(LocalDateTime), 2026-01-21T01:08:00.389238238(LocalDateTime)
<==    Updates: 1
Releasing transactional SqlSession [org.apache.ibatis.session.defaults.DefaultSqlSession@6d2755a1]
Fetched SqlSession [org.apache.ibatis.session.defaults.DefaultSqlSession@6d2755a1] from current transaction
==>  Preparing: INSERT INTO fin_transaction ( user_id, account_id, category_id, type, amount, currency, occurred_at, status, created_at, updated_at ) VALUES ( ?, ?, ?, ?, ?, ?, ?, ?, ?, ? )
==> Parameters: 999(Long), 48(Long), 47(Long), expense(String), 10.00(BigDecimal), CNY(String), 2026-01-21T01:08:00.392947511(LocalDateTime), 1(Integer), 2026-01-21T01:08:00.393165703(LocalDateTime), 2026-01-21T01:08:00.393427768(LocalDateTime)
<==    Updates: 1
Releasing transactional SqlSession [org.apache.ibatis.session.defaults.DefaultSqlSession@6d2755a1]
Fetched SqlSession [org.apache.ibatis.session.defaults.DefaultSqlSession@6d2755a1] from current transaction
==>  Preparing: INSERT INTO fin_transaction ( user_id, account_id, category_id, type, amount, currency, occurred_at, status, created_at, updated_at ) VALUES ( ?, ?, ?, ?, ?, ?, ?, ?, ?, ? )
==> Parameters: 999(Long), 48(Long), 47(Long), expense(String), 10.00(BigDecimal), CNY(String), 2026-01-21T01:08:00.397950224(LocalDateTime), 1(Integer), 2026-01-21T01:08:00.399582241(LocalDateTime), 2026-01-21T01:08:00.399660561(LocalDateTime)
<==    Updates: 1
Releasing transactional SqlSession [org.apache.ibatis.session.defaults.DefaultSqlSession@6d2755a1]
Fetched SqlSession [org.apache.ibatis.session.defaults.DefaultSqlSession@6d2755a1] from current transaction
==>  Preparing: INSERT INTO fin_transaction ( user_id, account_id, category_id, type, amount, currency, occurred_at, status, created_at, updated_at ) VALUES ( ?, ?, ?, ?, ?, ?, ?, ?, ?, ? )
==> Parameters: 999(Long), 48(Long), 47(Long), expense(String), 10.00(BigDecimal), CNY(String), 2026-01-21T01:08:00.404466473(LocalDateTime), 1(Integer), 2026-01-21T01:08:00.406937312(LocalDateTime), 2026-01-21T01:08:00.407157505(LocalDateTime)
<==    Updates: 1
Releasing transactional SqlSession [org.apache.ibatis.session.defaults.DefaultSqlSession@6d2755a1]
Fetched SqlSession [org.apache.ibatis.session.defaults.DefaultSqlSession@6d2755a1] from current transaction
==>  Preparing: INSERT INTO fin_transaction ( user_id, account_id, category_id, type, amount, currency, occurred_at, status, created_at, updated_at ) VALUES ( ?, ?, ?, ?, ?, ?, ?, ?, ?, ? )
==> Parameters: 999(Long), 48(Long), 47(Long), expense(String), 10.00(BigDecimal), CNY(String), 2026-01-21T01:08:00.414649740(LocalDateTime), 1(Integer), 2026-01-21T01:08:00.415237476(LocalDateTime), 2026-01-21T01:08:00.415407541(LocalDateTime)
<==    Updates: 1
Releasing transactional SqlSession [org.apache.ibatis.session.defaults.DefaultSqlSession@6d2755a1]
Fetched SqlSession [org.apache.ibatis.session.defaults.DefaultSqlSession@6d2755a1] from current transaction
==>  Preparing: INSERT INTO fin_transaction ( user_id, account_id, category_id, type, amount, currency, occurred_at, status, created_at, updated_at ) VALUES ( ?, ?, ?, ?, ?, ?, ?, ?, ?, ? )
==> Parameters: 999(Long), 48(Long), 47(Long), expense(String), 10.00(BigDecimal), CNY(String), 2026-01-21T01:08:00.421256346(LocalDateTime), 1(Integer), 2026-01-21T01:08:00.421902977(LocalDateTime), 2026-01-21T01:08:00.422194951(LocalDateTime)
<==    Updates: 1
Releasing transactional SqlSession [org.apache.ibatis.session.defaults.DefaultSqlSession@6d2755a1]
Fetched SqlSession [org.apache.ibatis.session.defaults.DefaultSqlSession@6d2755a1] from current transaction
==>  Preparing: INSERT INTO fin_transaction ( user_id, account_id, category_id, type, amount, currency, occurred_at, status, created_at, updated_at ) VALUES ( ?, ?, ?, ?, ?, ?, ?, ?, ?, ? )
==> Parameters: 999(Long), 48(Long), 47(Long), expense(String), 10.00(BigDecimal), CNY(String), 2026-01-21T01:08:00.426655521(LocalDateTime), 1(Integer), 2026-01-21T01:08:00.427166129(LocalDateTime), 2026-01-21T01:08:00.427769985(LocalDateTime)
<==    Updates: 1
Releasing transactional SqlSession [org.apache.ibatis.session.defaults.DefaultSqlSession@6d2755a1]
Fetched SqlSession [org.apache.ibatis.session.defaults.DefaultSqlSession@6d2755a1] from current transaction
==>  Preparing: INSERT INTO fin_transaction ( user_id, account_id, category_id, type, amount, currency, occurred_at, status, created_at, updated_at ) VALUES ( ?, ?, ?, ?, ?, ?, ?, ?, ?, ? )
==> Parameters: 999(Long), 48(Long), 47(Long), expense(String), 10.00(BigDecimal), CNY(String), 2026-01-21T01:08:00.432021377(LocalDateTime), 1(Integer), 2026-01-21T01:08:00.432598762(LocalDateTime), 2026-01-21T01:08:00.432640656(LocalDateTime)
<==    Updates: 1
Releasing transactional SqlSession [org.apache.ibatis.session.defaults.DefaultSqlSession@6d2755a1]
Fetched SqlSession [org.apache.ibatis.session.defaults.DefaultSqlSession@6d2755a1] from current transaction
==>  Preparing: INSERT INTO fin_transaction ( user_id, account_id, category_id, type, amount, currency, occurred_at, status, created_at, updated_at ) VALUES ( ?, ?, ?, ?, ?, ?, ?, ?, ?, ? )
==> Parameters: 999(Long), 48(Long), 47(Long), expense(String), 10.00(BigDecimal), CNY(String), 2026-01-21T01:08:00.441343222(LocalDateTime), 1(Integer), 2026-01-21T01:08:00.442133831(LocalDateTime), 2026-01-21T01:08:00.442383705(LocalDateTime)
<==    Updates: 1
Releasing transactional SqlSession [org.apache.ibatis.session.defaults.DefaultSqlSession@6d2755a1]
Fetched SqlSession [org.apache.ibatis.session.defaults.DefaultSqlSession@6d2755a1] from current transaction
==>  Preparing: INSERT INTO fin_transaction ( user_id, account_id, category_id, type, amount, currency, occurred_at, status, created_at, updated_at ) VALUES ( ?, ?, ?, ?, ?, ?, ?, ?, ?, ? )
==> Parameters: 999(Long), 48(Long), 47(Long), expense(String), 10.00(BigDecimal), CNY(String), 2026-01-21T01:08:00.449101698(LocalDateTime), 1(Integer), 2026-01-21T01:08:00.449844573(LocalDateTime), 2026-01-21T01:08:00.449890648(LocalDateTime)
<==    Updates: 1
Releasing transactional SqlSession [org.apache.ibatis.session.defaults.DefaultSqlSession@6d2755a1]
Fetched SqlSession [org.apache.ibatis.session.defaults.DefaultSqlSession@6d2755a1] from current transaction
==>  Preparing: INSERT INTO fin_transaction ( user_id, account_id, category_id, type, amount, currency, occurred_at, status, created_at, updated_at ) VALUES ( ?, ?, ?, ?, ?, ?, ?, ?, ?, ? )
==> Parameters: 999(Long), 48(Long), 47(Long), expense(String), 10.00(BigDecimal), CNY(String), 2026-01-21T01:08:00.454189356(LocalDateTime), 1(Integer), 2026-01-21T01:08:00.454892540(LocalDateTime), 2026-01-21T01:08:00.454940944(LocalDateTime)
<==    Updates: 1
Releasing transactional SqlSession [org.apache.ibatis.session.defaults.DefaultSqlSession@6d2755a1]
Fetched SqlSession [org.apache.ibatis.session.defaults.DefaultSqlSession@6d2755a1] from current transaction
==>  Preparing: INSERT INTO fin_transaction ( user_id, account_id, category_id, type, amount, currency, occurred_at, status, created_at, updated_at ) VALUES ( ?, ?, ?, ?, ?, ?, ?, ?, ?, ? )
==> Parameters: 999(Long), 48(Long), 47(Long), expense(String), 10.00(BigDecimal), CNY(String), 2026-01-21T01:08:00.461511108(LocalDateTime), 1(Integer), 2026-01-21T01:08:00.462028237(LocalDateTime), 2026-01-21T01:08:00.462078674(LocalDateTime)
<==    Updates: 1
Releasing transactional SqlSession [org.apache.ibatis.session.defaults.DefaultSqlSession@6d2755a1]
Fetched SqlSession [org.apache.ibatis.session.defaults.DefaultSqlSession@6d2755a1] from current transaction
==>  Preparing: SELECT transaction_id,user_id,account_id,category_id,budget_id,type,amount,currency,occurred_at,note,status,created_at,updated_at FROM fin_transaction WHERE status=1 AND (user_id = ? AND account_id = ? AND status = ?) ORDER BY occurred_at DESC LIMIT 10
==> Parameters: 999(Long), 48(Long), 1(Integer)
<==    Columns: transaction_id, user_id, account_id, category_id, budget_id, type, amount, currency, occurred_at, note, status, created_at, updated_at
<==        Row: 68, 999, 48, 47, null, expense, 10.0000, CNY, 2026-01-21 01:08:00, null, 1, 2026-01-21 01:08:00, 2026-01-21 01:08:00
<==        Row: 69, 999, 48, 47, null, expense, 10.0000, CNY, 2026-01-21 01:08:00, null, 1, 2026-01-21 01:08:00, 2026-01-21 01:08:00
<==        Row: 70, 999, 48, 47, null, expense, 10.0000, CNY, 2026-01-21 01:08:00, null, 1, 2026-01-21 01:08:00, 2026-01-21 01:08:00
<==        Row: 71, 999, 48, 47, null, expense, 10.0000, CNY, 2026-01-21 01:08:00, null, 1, 2026-01-21 01:08:00, 2026-01-21 01:08:00
<==        Row: 72, 999, 48, 47, null, expense, 10.0000, CNY, 2026-01-21 01:08:00, null, 1, 2026-01-21 01:08:00, 2026-01-21 01:08:00
<==        Row: 73, 999, 48, 47, null, expense, 10.0000, CNY, 2026-01-21 01:08:00, null, 1, 2026-01-21 01:08:00, 2026-01-21 01:08:00
<==        Row: 74, 999, 48, 47, null, expense, 10.0000, CNY, 2026-01-21 01:08:00, null, 1, 2026-01-21 01:08:00, 2026-01-21 01:08:00
<==        Row: 75, 999, 48, 47, null, expense, 10.0000, CNY, 2026-01-21 01:08:00, null, 1, 2026-01-21 01:08:00, 2026-01-21 01:08:00
<==        Row: 76, 999, 48, 47, null, expense, 10.0000, CNY, 2026-01-21 01:08:00, null, 1, 2026-01-21 01:08:00, 2026-01-21 01:08:00
<==        Row: 77, 999, 48, 47, null, expense, 10.0000, CNY, 2026-01-21 01:08:00, null, 1, 2026-01-21 01:08:00, 2026-01-21 01:08:00
<==      Total: 10
Releasing transactional SqlSession [org.apache.ibatis.session.defaults.DefaultSqlSession@6d2755a1]
Fetched SqlSession [org.apache.ibatis.session.defaults.DefaultSqlSession@6d2755a1] from current transaction
==>  Preparing: SELECT account_id,user_id,name,account_type,account_sub_type,currency,balance,include_in_total,status,created_at,updated_at FROM fin_account WHERE status=1 AND (user_id = ? AND status = ?) ORDER BY created_at DESC
==> Parameters: 999(Long), 1(Integer)
<==    Columns: account_id, user_id, name, account_type, account_sub_type, currency, balance, include_in_total, status, created_at, updated_at
<==        Row: 48, 999, Test Account, bank, null, CNY, 10000.0000, 1, 1, 2026-01-21 01:08:00, 2026-01-21 01:08:00
<==      Total: 1
Releasing transactional SqlSession [org.apache.ibatis.session.defaults.DefaultSqlSession@6d2755a1]
Fetched SqlSession [org.apache.ibatis.session.defaults.DefaultSqlSession@6d2755a1] from current transaction
==>  Preparing: SELECT category_id,user_id,name,type,status,created_at,updated_at FROM fin_category WHERE category_id=? AND status=1
==> Parameters: 47(Long)
<==    Columns: category_id, user_id, name, type, status, created_at, updated_at
<==        Row: 47, 999, Test Category, expense, 1, 2026-01-21 01:08:00, 2026-01-21 01:08:00
<==      Total: 1
Releasing transactional SqlSession [org.apache.ibatis.session.defaults.DefaultSqlSession@6d2755a1]
Fetched SqlSession [org.apache.ibatis.session.defaults.DefaultSqlSession@6d2755a1] from current transaction
Releasing transactional SqlSession [org.apache.ibatis.session.defaults.DefaultSqlSession@6d2755a1]
Fetched SqlSession [org.apache.ibatis.session.defaults.DefaultSqlSession@6d2755a1] from current transaction
Releasing transactional SqlSession [org.apache.ibatis.session.defaults.DefaultSqlSession@6d2755a1]
Fetched SqlSession [org.apache.ibatis.session.defaults.DefaultSqlSession@6d2755a1] from current transaction
Releasing transactional SqlSession [org.apache.ibatis.session.defaults.DefaultSqlSession@6d2755a1]
Fetched SqlSession [org.apache.ibatis.session.defaults.DefaultSqlSession@6d2755a1] from current transaction
Releasing transactional SqlSession [org.apache.ibatis.session.defaults.DefaultSqlSession@6d2755a1]
Fetched SqlSession [org.apache.ibatis.session.defaults.DefaultSqlSession@6d2755a1] from current transaction
Releasing transactional SqlSession [org.apache.ibatis.session.defaults.DefaultSqlSession@6d2755a1]
Fetched SqlSession [org.apache.ibatis.session.defaults.DefaultSqlSession@6d2755a1] from current transaction
Releasing transactional SqlSession [org.apache.ibatis.session.defaults.DefaultSqlSession@6d2755a1]
Fetched SqlSession [org.apache.ibatis.session.defaults.DefaultSqlSession@6d2755a1] from current transaction
Releasing transactional SqlSession [org.apache.ibatis.session.defaults.DefaultSqlSession@6d2755a1]
Fetched SqlSession [org.apache.ibatis.session.defaults.DefaultSqlSession@6d2755a1] from current transaction
Releasing transactional SqlSession [org.apache.ibatis.session.defaults.DefaultSqlSession@6d2755a1]
Fetched SqlSession [org.apache.ibatis.session.defaults.DefaultSqlSession@6d2755a1] from current transaction
Releasing transactional SqlSession [org.apache.ibatis.session.defaults.DefaultSqlSession@6d2755a1]
Fetched SqlSession [org.apache.ibatis.session.defaults.DefaultSqlSession@6d2755a1] from current transaction
Releasing transactional SqlSession [org.apache.ibatis.session.defaults.DefaultSqlSession@6d2755a1]
Fetched SqlSession [org.apache.ibatis.session.defaults.DefaultSqlSession@6d2755a1] from current transaction
Releasing transactional SqlSession [org.apache.ibatis.session.defaults.DefaultSqlSession@6d2755a1]
Fetched SqlSession [org.apache.ibatis.session.defaults.DefaultSqlSession@6d2755a1] from current transaction
Releasing transactional SqlSession [org.apache.ibatis.session.defaults.DefaultSqlSession@6d2755a1]
Fetched SqlSession [org.apache.ibatis.session.defaults.DefaultSqlSession@6d2755a1] from current transaction
Releasing transactional SqlSession [org.apache.ibatis.session.defaults.DefaultSqlSession@6d2755a1]
Fetched SqlSession [org.apache.ibatis.session.defaults.DefaultSqlSession@6d2755a1] from current transaction
Releasing transactional SqlSession [org.apache.ibatis.session.defaults.DefaultSqlSession@6d2755a1]
Fetched SqlSession [org.apache.ibatis.session.defaults.DefaultSqlSession@6d2755a1] from current transaction
Releasing transactional SqlSession [org.apache.ibatis.session.defaults.DefaultSqlSession@6d2755a1]
Fetched SqlSession [org.apache.ibatis.session.defaults.DefaultSqlSession@6d2755a1] from current transaction
Releasing transactional SqlSession [org.apache.ibatis.session.defaults.DefaultSqlSession@6d2755a1]
Fetched SqlSession [org.apache.ibatis.session.defaults.DefaultSqlSession@6d2755a1] from current transaction
Releasing transactional SqlSession [org.apache.ibatis.session.defaults.DefaultSqlSession@6d2755a1]
Fetched SqlSession [org.apache.ibatis.session.defaults.DefaultSqlSession@6d2755a1] from current transaction
Releasing transactional SqlSession [org.apache.ibatis.session.defaults.DefaultSqlSession@6d2755a1]
Fetched SqlSession [org.apache.ibatis.session.defaults.DefaultSqlSession@6d2755a1] from current transaction
==>  Preparing: UPDATE fin_transaction SET status=0 WHERE status=1 AND (transaction_id IS NOT NULL)
==> Parameters: 
<==    Updates: 15
Releasing transactional SqlSession [org.apache.ibatis.session.defaults.DefaultSqlSession@6d2755a1]
Fetched SqlSession [org.apache.ibatis.session.defaults.DefaultSqlSession@6d2755a1] from current transaction
==>  Preparing: UPDATE fin_account SET status=0 WHERE status=1 AND (account_id IS NOT NULL)
==> Parameters: 
<==    Updates: 1
Releasing transactional SqlSession [org.apache.ibatis.session.defaults.DefaultSqlSession@6d2755a1]
Fetched SqlSession [org.apache.ibatis.session.defaults.DefaultSqlSession@6d2755a1] from current transaction
==>  Preparing: UPDATE fin_category SET status=0 WHERE status=1 AND (category_id IS NOT NULL)
==> Parameters: 
<==    Updates: 1
Releasing transactional SqlSession [org.apache.ibatis.session.defaults.DefaultSqlSession@6d2755a1]
Transaction synchronization deregistering SqlSession [org.apache.ibatis.session.defaults.DefaultSqlSession@6d2755a1]
Transaction synchronization closing SqlSession [org.apache.ibatis.session.defaults.DefaultSqlSession@6d2755a1]
]]></system-out>
  </testcase>
  <testcase name="getTransaction_ShouldReturnVOWhenExists" classname="com.mamoji.module.transaction.service.TransactionServiceIntegrationTest" time="0.085">
    <system-out><![CDATA[Creating a new SqlSession
Registering transaction synchronization for SqlSession [org.apache.ibatis.session.defaults.DefaultSqlSession@60529ae2]
JDBC Connection [HikariProxyConnection@92416935 wrapping com.mysql.cj.jdbc.ConnectionImpl@c617585] will be managed by Spring
==>  Preparing: UPDATE fin_transaction SET status=0 WHERE status=1 AND (transaction_id IS NOT NULL)
==> Parameters: 
<==    Updates: 0
Releasing transactional SqlSession [org.apache.ibatis.session.defaults.DefaultSqlSession@60529ae2]
Fetched SqlSession [org.apache.ibatis.session.defaults.DefaultSqlSession@60529ae2] from current transaction
==>  Preparing: UPDATE fin_account SET status=0 WHERE status=1 AND (account_id IS NOT NULL)
==> Parameters: 
<==    Updates: 0
Releasing transactional SqlSession [org.apache.ibatis.session.defaults.DefaultSqlSession@60529ae2]
Fetched SqlSession [org.apache.ibatis.session.defaults.DefaultSqlSession@60529ae2] from current transaction
==>  Preparing: UPDATE fin_category SET status=0 WHERE status=1 AND (category_id IS NOT NULL)
==> Parameters: 
<==    Updates: 0
Releasing transactional SqlSession [org.apache.ibatis.session.defaults.DefaultSqlSession@60529ae2]
Fetched SqlSession [org.apache.ibatis.session.defaults.DefaultSqlSession@60529ae2] from current transaction
==>  Preparing: INSERT INTO fin_account ( user_id, name, account_type, currency, balance, status, created_at, updated_at ) VALUES ( ?, ?, ?, ?, ?, ?, ?, ? )
==> Parameters: 999(Long), Test Account(String), bank(String), CNY(String), 10000.00(BigDecimal), 1(Integer), 2026-01-21T01:08:00.621914832(LocalDateTime), 2026-01-21T01:08:00.621977034(LocalDateTime)
<==    Updates: 1
Releasing transactional SqlSession [org.apache.ibatis.session.defaults.DefaultSqlSession@60529ae2]
Fetched SqlSession [org.apache.ibatis.session.defaults.DefaultSqlSession@60529ae2] from current transaction
==>  Preparing: INSERT INTO fin_category ( user_id, name, type, status, created_at, updated_at ) VALUES ( ?, ?, ?, ?, ?, ? )
==> Parameters: 999(Long), Test Category(String), expense(String), 1(Integer), 2026-01-21T01:08:00.625822156(LocalDateTime), 2026-01-21T01:08:00.625958060(LocalDateTime)
<==    Updates: 1
Releasing transactional SqlSession [org.apache.ibatis.session.defaults.DefaultSqlSession@60529ae2]
Fetched SqlSession [org.apache.ibatis.session.defaults.DefaultSqlSession@60529ae2] from current transaction
==>  Preparing: INSERT INTO fin_transaction ( user_id, account_id, category_id, type, amount, currency, occurred_at, status, created_at, updated_at ) VALUES ( ?, ?, ?, ?, ?, ?, ?, ?, ?, ? )
==> Parameters: 999(Long), 49(Long), 48(Long), expense(String), 200.00(BigDecimal), CNY(String), 2026-01-21T01:08:00.631109362(LocalDateTime), 1(Integer), 2026-01-21T01:08:00.631919482(LocalDateTime), 2026-01-21T01:08:00.631958514(LocalDateTime)
<==    Updates: 1
Releasing transactional SqlSession [org.apache.ibatis.session.defaults.DefaultSqlSession@60529ae2]
Fetched SqlSession [org.apache.ibatis.session.defaults.DefaultSqlSession@60529ae2] from current transaction
==>  Preparing: SELECT transaction_id,user_id,account_id,category_id,budget_id,type,amount,currency,occurred_at,note,status,created_at,updated_at FROM fin_transaction WHERE transaction_id=? AND status=1
==> Parameters: 83(Long)
<==    Columns: transaction_id, user_id, account_id, category_id, budget_id, type, amount, currency, occurred_at, note, status, created_at, updated_at
<==        Row: 83, 999, 49, 48, null, expense, 200.0000, CNY, 2026-01-21 01:08:01, null, 1, 2026-01-21 01:08:01, 2026-01-21 01:08:01
<==      Total: 1
Releasing transactional SqlSession [org.apache.ibatis.session.defaults.DefaultSqlSession@60529ae2]
Fetched SqlSession [org.apache.ibatis.session.defaults.DefaultSqlSession@60529ae2] from current transaction
==>  Preparing: SELECT account_id,user_id,name,account_type,account_sub_type,currency,balance,include_in_total,status,created_at,updated_at FROM fin_account WHERE status=1 AND (user_id = ? AND status = ?) ORDER BY created_at DESC
==> Parameters: 999(Long), 1(Integer)
<==    Columns: account_id, user_id, name, account_type, account_sub_type, currency, balance, include_in_total, status, created_at, updated_at
<==        Row: 49, 999, Test Account, bank, null, CNY, 10000.0000, 1, 1, 2026-01-21 01:08:01, 2026-01-21 01:08:01
<==      Total: 1
Releasing transactional SqlSession [org.apache.ibatis.session.defaults.DefaultSqlSession@60529ae2]
Fetched SqlSession [org.apache.ibatis.session.defaults.DefaultSqlSession@60529ae2] from current transaction
==>  Preparing: SELECT category_id,user_id,name,type,status,created_at,updated_at FROM fin_category WHERE category_id=? AND status=1
==> Parameters: 48(Long)
<==    Columns: category_id, user_id, name, type, status, created_at, updated_at
<==        Row: 48, 999, Test Category, expense, 1, 2026-01-21 01:08:01, 2026-01-21 01:08:01
<==      Total: 1
Releasing transactional SqlSession [org.apache.ibatis.session.defaults.DefaultSqlSession@60529ae2]
Fetched SqlSession [org.apache.ibatis.session.defaults.DefaultSqlSession@60529ae2] from current transaction
==>  Preparing: UPDATE fin_transaction SET status=0 WHERE status=1 AND (transaction_id IS NOT NULL)
==> Parameters: 
<==    Updates: 1
Releasing transactional SqlSession [org.apache.ibatis.session.defaults.DefaultSqlSession@60529ae2]
Fetched SqlSession [org.apache.ibatis.session.defaults.DefaultSqlSession@60529ae2] from current transaction
==>  Preparing: UPDATE fin_account SET status=0 WHERE status=1 AND (account_id IS NOT NULL)
==> Parameters: 
<==    Updates: 1
Releasing transactional SqlSession [org.apache.ibatis.session.defaults.DefaultSqlSession@60529ae2]
Fetched SqlSession [org.apache.ibatis.session.defaults.DefaultSqlSession@60529ae2] from current transaction
==>  Preparing: UPDATE fin_category SET status=0 WHERE status=1 AND (category_id IS NOT NULL)
==> Parameters: 
<==    Updates: 1
Releasing transactional SqlSession [org.apache.ibatis.session.defaults.DefaultSqlSession@60529ae2]
Transaction synchronization deregistering SqlSession [org.apache.ibatis.session.defaults.DefaultSqlSession@60529ae2]
Transaction synchronization closing SqlSession [org.apache.ibatis.session.defaults.DefaultSqlSession@60529ae2]
]]></system-out>
  </testcase>
  <testcase name="updateTransaction_ShouldModifyAndAdjustBalance" classname="com.mamoji.module.transaction.service.TransactionServiceIntegrationTest" time="0.09">
    <system-out><![CDATA[Creating a new SqlSession
Registering transaction synchronization for SqlSession [org.apache.ibatis.session.defaults.DefaultSqlSession@4c8082b7]
JDBC Connection [HikariProxyConnection@1377522490 wrapping com.mysql.cj.jdbc.ConnectionImpl@c617585] will be managed by Spring
==>  Preparing: UPDATE fin_transaction SET status=0 WHERE status=1 AND (transaction_id IS NOT NULL)
==> Parameters: 
<==    Updates: 0
Releasing transactional SqlSession [org.apache.ibatis.session.defaults.DefaultSqlSession@4c8082b7]
Fetched SqlSession [org.apache.ibatis.session.defaults.DefaultSqlSession@4c8082b7] from current transaction
==>  Preparing: UPDATE fin_account SET status=0 WHERE status=1 AND (account_id IS NOT NULL)
==> Parameters: 
<==    Updates: 0
Releasing transactional SqlSession [org.apache.ibatis.session.defaults.DefaultSqlSession@4c8082b7]
Fetched SqlSession [org.apache.ibatis.session.defaults.DefaultSqlSession@4c8082b7] from current transaction
==>  Preparing: UPDATE fin_category SET status=0 WHERE status=1 AND (category_id IS NOT NULL)
==> Parameters: 
<==    Updates: 0
Releasing transactional SqlSession [org.apache.ibatis.session.defaults.DefaultSqlSession@4c8082b7]
Fetched SqlSession [org.apache.ibatis.session.defaults.DefaultSqlSession@4c8082b7] from current transaction
==>  Preparing: INSERT INTO fin_account ( user_id, name, account_type, currency, balance, status, created_at, updated_at ) VALUES ( ?, ?, ?, ?, ?, ?, ?, ? )
==> Parameters: 999(Long), Test Account(String), bank(String), CNY(String), 10000.00(BigDecimal), 1(Integer), 2026-01-21T01:08:00.702631106(LocalDateTime), 2026-01-21T01:08:00.702694138(LocalDateTime)
<==    Updates: 1
Releasing transactional SqlSession [org.apache.ibatis.session.defaults.DefaultSqlSession@4c8082b7]
Fetched SqlSession [org.apache.ibatis.session.defaults.DefaultSqlSession@4c8082b7] from current transaction
==>  Preparing: INSERT INTO fin_category ( user_id, name, type, status, created_at, updated_at ) VALUES ( ?, ?, ?, ?, ?, ? )
==> Parameters: 999(Long), Test Category(String), expense(String), 1(Integer), 2026-01-21T01:08:00.706561574(LocalDateTime), 2026-01-21T01:08:00.706682712(LocalDateTime)
<==    Updates: 1
Releasing transactional SqlSession [org.apache.ibatis.session.defaults.DefaultSqlSession@4c8082b7]
Fetched SqlSession [org.apache.ibatis.session.defaults.DefaultSqlSession@4c8082b7] from current transaction
==>  Preparing: INSERT INTO fin_transaction ( user_id, account_id, category_id, type, amount, currency, occurred_at, status, created_at, updated_at ) VALUES ( ?, ?, ?, ?, ?, ?, ?, ?, ?, ? )
==> Parameters: 999(Long), 50(Long), 49(Long), expense(String), 100.00(BigDecimal), CNY(String), 2026-01-21T01:08:00.710149555(LocalDateTime), 1(Integer), 2026-01-21T01:08:00.710663770(LocalDateTime), 2026-01-21T01:08:00.710696908(LocalDateTime)
<==    Updates: 1
Releasing transactional SqlSession [org.apache.ibatis.session.defaults.DefaultSqlSession@4c8082b7]
Fetched SqlSession [org.apache.ibatis.session.defaults.DefaultSqlSession@4c8082b7] from current transaction
==>  Preparing: SELECT transaction_id,user_id,account_id,category_id,budget_id,type,amount,currency,occurred_at,note,status,created_at,updated_at FROM fin_transaction WHERE transaction_id=? AND status=1
==> Parameters: 84(Long)
<==    Columns: transaction_id, user_id, account_id, category_id, budget_id, type, amount, currency, occurred_at, note, status, created_at, updated_at
<==        Row: 84, 999, 50, 49, null, expense, 100.0000, CNY, 2026-01-21 01:08:01, null, 1, 2026-01-21 01:08:01, 2026-01-21 01:08:01
<==      Total: 1
Releasing transactional SqlSession [org.apache.ibatis.session.defaults.DefaultSqlSession@4c8082b7]
Fetched SqlSession [org.apache.ibatis.session.defaults.DefaultSqlSession@4c8082b7] from current transaction
==>  Preparing: UPDATE fin_account SET balance = balance + -50.0000 WHERE status=1 AND (account_id = ?)
==> Parameters: 50(Long)
<==    Updates: 1
Releasing transactional SqlSession [org.apache.ibatis.session.defaults.DefaultSqlSession@4c8082b7]
Fetched SqlSession [org.apache.ibatis.session.defaults.DefaultSqlSession@4c8082b7] from current transaction
==>  Preparing: UPDATE fin_transaction SET account_id=?,category_id=?,budget_id=?,type=?,amount=?,occurred_at=?,note=? WHERE status=1 AND (transaction_id = ?)
==> Parameters: 50(Long), 49(Long), null, expense(String), 150.00(BigDecimal), 2026-01-21T01:08:00.712591969(LocalDateTime), Updated transaction(String), 84(Long)
<==    Updates: 1
Releasing transactional SqlSession [org.apache.ibatis.session.defaults.DefaultSqlSession@4c8082b7]
2026-01-21 01:08:00 - Transaction updated: transactionId=84
Fetched SqlSession [org.apache.ibatis.session.defaults.DefaultSqlSession@4c8082b7] from current transaction
==>  Preparing: SELECT transaction_id,user_id,account_id,category_id,budget_id,type,amount,currency,occurred_at,note,status,created_at,updated_at FROM fin_transaction WHERE transaction_id=? AND status=1
==> Parameters: 84(Long)
<==    Columns: transaction_id, user_id, account_id, category_id, budget_id, type, amount, currency, occurred_at, note, status, created_at, updated_at
<==        Row: 84, 999, 50, 49, null, expense, 150.0000, CNY, 2026-01-21 01:08:01, Updated transaction, 1, 2026-01-21 01:08:01, 2026-01-20 17:08:00
<==      Total: 1
Releasing transactional SqlSession [org.apache.ibatis.session.defaults.DefaultSqlSession@4c8082b7]
Fetched SqlSession [org.apache.ibatis.session.defaults.DefaultSqlSession@4c8082b7] from current transaction
==>  Preparing: SELECT account_id,user_id,name,account_type,account_sub_type,currency,balance,include_in_total,status,created_at,updated_at FROM fin_account WHERE status=1 AND (user_id = ? AND status = ?) ORDER BY created_at DESC
==> Parameters: 999(Long), 1(Integer)
<==    Columns: account_id, user_id, name, account_type, account_sub_type, currency, balance, include_in_total, status, created_at, updated_at
<==        Row: 50, 999, Test Account, bank, null, CNY, 9950.0000, 1, 1, 2026-01-21 01:08:01, 2026-01-20 17:08:00
<==      Total: 1
Releasing transactional SqlSession [org.apache.ibatis.session.defaults.DefaultSqlSession@4c8082b7]
Fetched SqlSession [org.apache.ibatis.session.defaults.DefaultSqlSession@4c8082b7] from current transaction
==>  Preparing: SELECT category_id,user_id,name,type,status,created_at,updated_at FROM fin_category WHERE category_id=? AND status=1
==> Parameters: 49(Long)
<==    Columns: category_id, user_id, name, type, status, created_at, updated_at
<==        Row: 49, 999, Test Category, expense, 1, 2026-01-21 01:08:01, 2026-01-21 01:08:01
<==      Total: 1
Releasing transactional SqlSession [org.apache.ibatis.session.defaults.DefaultSqlSession@4c8082b7]
Fetched SqlSession [org.apache.ibatis.session.defaults.DefaultSqlSession@4c8082b7] from current transaction
==>  Preparing: UPDATE fin_transaction SET status=0 WHERE status=1 AND (transaction_id IS NOT NULL)
==> Parameters: 
<==    Updates: 1
Releasing transactional SqlSession [org.apache.ibatis.session.defaults.DefaultSqlSession@4c8082b7]
Fetched SqlSession [org.apache.ibatis.session.defaults.DefaultSqlSession@4c8082b7] from current transaction
==>  Preparing: UPDATE fin_account SET status=0 WHERE status=1 AND (account_id IS NOT NULL)
==> Parameters: 
<==    Updates: 1
Releasing transactional SqlSession [org.apache.ibatis.session.defaults.DefaultSqlSession@4c8082b7]
Fetched SqlSession [org.apache.ibatis.session.defaults.DefaultSqlSession@4c8082b7] from current transaction
==>  Preparing: UPDATE fin_category SET status=0 WHERE status=1 AND (category_id IS NOT NULL)
==> Parameters: 
<==    Updates: 1
Releasing transactional SqlSession [org.apache.ibatis.session.defaults.DefaultSqlSession@4c8082b7]
Transaction synchronization deregistering SqlSession [org.apache.ibatis.session.defaults.DefaultSqlSession@4c8082b7]
Transaction synchronization closing SqlSession [org.apache.ibatis.session.defaults.DefaultSqlSession@4c8082b7]
]]></system-out>
  </testcase>
  <testcase name="deleteTransaction_ShouldSetStatusToZero" classname="com.mamoji.module.transaction.service.TransactionServiceIntegrationTest" time="0.072">
    <system-out><![CDATA[Creating a new SqlSession
Registering transaction synchronization for SqlSession [org.apache.ibatis.session.defaults.DefaultSqlSession@68ed4023]
JDBC Connection [HikariProxyConnection@884620755 wrapping com.mysql.cj.jdbc.ConnectionImpl@c617585] will be managed by Spring
==>  Preparing: UPDATE fin_transaction SET status=0 WHERE status=1 AND (transaction_id IS NOT NULL)
==> Parameters: 
<==    Updates: 0
Releasing transactional SqlSession [org.apache.ibatis.session.defaults.DefaultSqlSession@68ed4023]
Fetched SqlSession [org.apache.ibatis.session.defaults.DefaultSqlSession@68ed4023] from current transaction
==>  Preparing: UPDATE fin_account SET status=0 WHERE status=1 AND (account_id IS NOT NULL)
==> Parameters: 
<==    Updates: 0
Releasing transactional SqlSession [org.apache.ibatis.session.defaults.DefaultSqlSession@68ed4023]
Fetched SqlSession [org.apache.ibatis.session.defaults.DefaultSqlSession@68ed4023] from current transaction
==>  Preparing: UPDATE fin_category SET status=0 WHERE status=1 AND (category_id IS NOT NULL)
==> Parameters: 
<==    Updates: 0
Releasing transactional SqlSession [org.apache.ibatis.session.defaults.DefaultSqlSession@68ed4023]
Fetched SqlSession [org.apache.ibatis.session.defaults.DefaultSqlSession@68ed4023] from current transaction
==>  Preparing: INSERT INTO fin_account ( user_id, name, account_type, currency, balance, status, created_at, updated_at ) VALUES ( ?, ?, ?, ?, ?, ?, ?, ? )
==> Parameters: 999(Long), Test Account(String), bank(String), CNY(String), 10000.00(BigDecimal), 1(Integer), 2026-01-21T01:08:00.793721378(LocalDateTime), 2026-01-21T01:08:00.793784952(LocalDateTime)
<==    Updates: 1
Releasing transactional SqlSession [org.apache.ibatis.session.defaults.DefaultSqlSession@68ed4023]
Fetched SqlSession [org.apache.ibatis.session.defaults.DefaultSqlSession@68ed4023] from current transaction
==>  Preparing: INSERT INTO fin_category ( user_id, name, type, status, created_at, updated_at ) VALUES ( ?, ?, ?, ?, ?, ? )
==> Parameters: 999(Long), Test Category(String), expense(String), 1(Integer), 2026-01-21T01:08:00.796323935(LocalDateTime), 2026-01-21T01:08:00.796344073(LocalDateTime)
<==    Updates: 1
Releasing transactional SqlSession [org.apache.ibatis.session.defaults.DefaultSqlSession@68ed4023]
Fetched SqlSession [org.apache.ibatis.session.defaults.DefaultSqlSession@68ed4023] from current transaction
==>  Preparing: INSERT INTO fin_transaction ( user_id, account_id, category_id, type, amount, currency, occurred_at, status, created_at, updated_at ) VALUES ( ?, ?, ?, ?, ?, ?, ?, ?, ?, ? )
==> Parameters: 999(Long), 51(Long), 50(Long), expense(String), 150.00(BigDecimal), CNY(String), 2026-01-21T01:08:00.801279614(LocalDateTime), 1(Integer), 2026-01-21T01:08:00.801454083(LocalDateTime), 2026-01-21T01:08:00.801471742(LocalDateTime)
<==    Updates: 1
Releasing transactional SqlSession [org.apache.ibatis.session.defaults.DefaultSqlSession@68ed4023]
Fetched SqlSession [org.apache.ibatis.session.defaults.DefaultSqlSession@68ed4023] from current transaction
==>  Preparing: SELECT transaction_id,user_id,account_id,category_id,budget_id,type,amount,currency,occurred_at,note,status,created_at,updated_at FROM fin_transaction WHERE transaction_id=? AND status=1
==> Parameters: 85(Long)
<==    Columns: transaction_id, user_id, account_id, category_id, budget_id, type, amount, currency, occurred_at, note, status, created_at, updated_at
<==        Row: 85, 999, 51, 50, null, expense, 150.0000, CNY, 2026-01-21 01:08:01, null, 1, 2026-01-21 01:08:01, 2026-01-21 01:08:01
<==      Total: 1
Releasing transactional SqlSession [org.apache.ibatis.session.defaults.DefaultSqlSession@68ed4023]
Fetched SqlSession [org.apache.ibatis.session.defaults.DefaultSqlSession@68ed4023] from current transaction
==>  Preparing: UPDATE fin_account SET balance = balance + 150.0000 WHERE status=1 AND (account_id = ?)
==> Parameters: 51(Long)
<==    Updates: 1
Releasing transactional SqlSession [org.apache.ibatis.session.defaults.DefaultSqlSession@68ed4023]
Fetched SqlSession [org.apache.ibatis.session.defaults.DefaultSqlSession@68ed4023] from current transaction
==>  Preparing: UPDATE fin_transaction SET status=? WHERE status=1 AND (transaction_id = ?)
==> Parameters: 0(Integer), 85(Long)
<==    Updates: 1
Releasing transactional SqlSession [org.apache.ibatis.session.defaults.DefaultSqlSession@68ed4023]
2026-01-21 01:08:00 - Transaction deleted: transactionId=85
Fetched SqlSession [org.apache.ibatis.session.defaults.DefaultSqlSession@68ed4023] from current transaction
==>  Preparing: SELECT COUNT( * ) AS total FROM fin_transaction WHERE status=1 AND (transaction_id = ? AND status = ?)
==> Parameters: 85(Long), 1(Integer)
<==    Columns: total
<==        Row: 0
<==      Total: 1
Releasing transactional SqlSession [org.apache.ibatis.session.defaults.DefaultSqlSession@68ed4023]
Fetched SqlSession [org.apache.ibatis.session.defaults.DefaultSqlSession@68ed4023] from current transaction
==>  Preparing: UPDATE fin_transaction SET status=0 WHERE status=1 AND (transaction_id IS NOT NULL)
==> Parameters: 
<==    Updates: 0
Releasing transactional SqlSession [org.apache.ibatis.session.defaults.DefaultSqlSession@68ed4023]
Fetched SqlSession [org.apache.ibatis.session.defaults.DefaultSqlSession@68ed4023] from current transaction
==>  Preparing: UPDATE fin_account SET status=0 WHERE status=1 AND (account_id IS NOT NULL)
==> Parameters: 
<==    Updates: 1
Releasing transactional SqlSession [org.apache.ibatis.session.defaults.DefaultSqlSession@68ed4023]
Fetched SqlSession [org.apache.ibatis.session.defaults.DefaultSqlSession@68ed4023] from current transaction
==>  Preparing: UPDATE fin_category SET status=0 WHERE status=1 AND (category_id IS NOT NULL)
==> Parameters: 
<==    Updates: 1
Releasing transactional SqlSession [org.apache.ibatis.session.defaults.DefaultSqlSession@68ed4023]
Transaction synchronization deregistering SqlSession [org.apache.ibatis.session.defaults.DefaultSqlSession@68ed4023]
Transaction synchronization closing SqlSession [org.apache.ibatis.session.defaults.DefaultSqlSession@68ed4023]
]]></system-out>
  </testcase>
  <testcase name="listTransactions_ShouldReturnUserTransactions" classname="com.mamoji.module.transaction.service.TransactionServiceIntegrationTest" time="0.087">
    <system-out><![CDATA[Creating a new SqlSession
Registering transaction synchronization for SqlSession [org.apache.ibatis.session.defaults.DefaultSqlSession@523f6a56]
JDBC Connection [HikariProxyConnection@622899023 wrapping com.mysql.cj.jdbc.ConnectionImpl@c617585] will be managed by Spring
==>  Preparing: UPDATE fin_transaction SET status=0 WHERE status=1 AND (transaction_id IS NOT NULL)
==> Parameters: 
<==    Updates: 0
Releasing transactional SqlSession [org.apache.ibatis.session.defaults.DefaultSqlSession@523f6a56]
Fetched SqlSession [org.apache.ibatis.session.defaults.DefaultSqlSession@523f6a56] from current transaction
==>  Preparing: UPDATE fin_account SET status=0 WHERE status=1 AND (account_id IS NOT NULL)
==> Parameters: 
<==    Updates: 0
Releasing transactional SqlSession [org.apache.ibatis.session.defaults.DefaultSqlSession@523f6a56]
Fetched SqlSession [org.apache.ibatis.session.defaults.DefaultSqlSession@523f6a56] from current transaction
==>  Preparing: UPDATE fin_category SET status=0 WHERE status=1 AND (category_id IS NOT NULL)
==> Parameters: 
<==    Updates: 0
Releasing transactional SqlSession [org.apache.ibatis.session.defaults.DefaultSqlSession@523f6a56]
Fetched SqlSession [org.apache.ibatis.session.defaults.DefaultSqlSession@523f6a56] from current transaction
==>  Preparing: INSERT INTO fin_account ( user_id, name, account_type, currency, balance, status, created_at, updated_at ) VALUES ( ?, ?, ?, ?, ?, ?, ?, ? )
==> Parameters: 999(Long), Test Account(String), bank(String), CNY(String), 10000.00(BigDecimal), 1(Integer), 2026-01-21T01:08:00.862973677(LocalDateTime), 2026-01-21T01:08:00.863013837(LocalDateTime)
<==    Updates: 1
Releasing transactional SqlSession [org.apache.ibatis.session.defaults.DefaultSqlSession@523f6a56]
Fetched SqlSession [org.apache.ibatis.session.defaults.DefaultSqlSession@523f6a56] from current transaction
==>  Preparing: INSERT INTO fin_category ( user_id, name, type, status, created_at, updated_at ) VALUES ( ?, ?, ?, ?, ?, ? )
==> Parameters: 999(Long), Test Category(String), expense(String), 1(Integer), 2026-01-21T01:08:00.866064544(LocalDateTime), 2026-01-21T01:08:00.866088374(LocalDateTime)
<==    Updates: 1
Releasing transactional SqlSession [org.apache.ibatis.session.defaults.DefaultSqlSession@523f6a56]
Fetched SqlSession [org.apache.ibatis.session.defaults.DefaultSqlSession@523f6a56] from current transaction
==>  Preparing: INSERT INTO fin_transaction ( user_id, account_id, category_id, type, amount, currency, occurred_at, status, created_at, updated_at ) VALUES ( ?, ?, ?, ?, ?, ?, ?, ?, ?, ? )
==> Parameters: 999(Long), 52(Long), 51(Long), expense(String), 100.00(BigDecimal), CNY(String), 2026-01-21T01:08:00.868686730(LocalDateTime), 1(Integer), 2026-01-21T01:08:00.868880869(LocalDateTime), 2026-01-21T01:08:00.868898848(LocalDateTime)
<==    Updates: 1
Releasing transactional SqlSession [org.apache.ibatis.session.defaults.DefaultSqlSession@523f6a56]
Fetched SqlSession [org.apache.ibatis.session.defaults.DefaultSqlSession@523f6a56] from current transaction
==>  Preparing: INSERT INTO fin_transaction ( user_id, account_id, category_id, type, amount, currency, occurred_at, status, created_at, updated_at ) VALUES ( ?, ?, ?, ?, ?, ?, ?, ?, ?, ? )
==> Parameters: 999(Long), 52(Long), 51(Long), income(String), 500.00(BigDecimal), CNY(String), 2026-01-21T01:08:00.870507146(LocalDateTime), 1(Integer), 2026-01-21T01:08:00.873022939(LocalDateTime), 2026-01-21T01:08:00.873046365(LocalDateTime)
<==    Updates: 1
Releasing transactional SqlSession [org.apache.ibatis.session.defaults.DefaultSqlSession@523f6a56]
Fetched SqlSession [org.apache.ibatis.session.defaults.DefaultSqlSession@523f6a56] from current transaction
==>  Preparing: SELECT COUNT(*) AS total FROM fin_transaction WHERE status = 1 AND (user_id = ? AND status = ?)
==> Parameters: 999(Long), 1(Integer)
<==    Columns: total
<==        Row: 2
<==      Total: 1
==>  Preparing: SELECT transaction_id,user_id,account_id,category_id,budget_id,type,amount,currency,occurred_at,note,status,created_at,updated_at FROM fin_transaction WHERE status=1 AND (user_id = ? AND status = ?) ORDER BY occurred_at DESC LIMIT ?
==> Parameters: 999(Long), 1(Integer), 20(Long)
<==    Columns: transaction_id, user_id, account_id, category_id, budget_id, type, amount, currency, occurred_at, note, status, created_at, updated_at
<==        Row: 86, 999, 52, 51, null, expense, 100.0000, CNY, 2026-01-21 01:08:01, null, 1, 2026-01-21 01:08:01, 2026-01-21 01:08:01
<==        Row: 87, 999, 52, 51, null, income, 500.0000, CNY, 2026-01-21 01:08:01, null, 1, 2026-01-21 01:08:01, 2026-01-21 01:08:01
<==      Total: 2
Releasing transactional SqlSession [org.apache.ibatis.session.defaults.DefaultSqlSession@523f6a56]
Fetched SqlSession [org.apache.ibatis.session.defaults.DefaultSqlSession@523f6a56] from current transaction
==>  Preparing: SELECT account_id,user_id,name,account_type,account_sub_type,currency,balance,include_in_total,status,created_at,updated_at FROM fin_account WHERE status=1 AND (user_id = ? AND status = ?) ORDER BY created_at DESC
==> Parameters: 999(Long), 1(Integer)
<==    Columns: account_id, user_id, name, account_type, account_sub_type, currency, balance, include_in_total, status, created_at, updated_at
<==        Row: 52, 999, Test Account, bank, null, CNY, 10000.0000, 1, 1, 2026-01-21 01:08:01, 2026-01-21 01:08:01
<==      Total: 1
Releasing transactional SqlSession [org.apache.ibatis.session.defaults.DefaultSqlSession@523f6a56]
Fetched SqlSession [org.apache.ibatis.session.defaults.DefaultSqlSession@523f6a56] from current transaction
==>  Preparing: SELECT category_id,user_id,name,type,status,created_at,updated_at FROM fin_category WHERE category_id=? AND status=1
==> Parameters: 51(Long)
<==    Columns: category_id, user_id, name, type, status, created_at, updated_at
<==        Row: 51, 999, Test Category, expense, 1, 2026-01-21 01:08:01, 2026-01-21 01:08:01
<==      Total: 1
Releasing transactional SqlSession [org.apache.ibatis.session.defaults.DefaultSqlSession@523f6a56]
Fetched SqlSession [org.apache.ibatis.session.defaults.DefaultSqlSession@523f6a56] from current transaction
Releasing transactional SqlSession [org.apache.ibatis.session.defaults.DefaultSqlSession@523f6a56]
Fetched SqlSession [org.apache.ibatis.session.defaults.DefaultSqlSession@523f6a56] from current transaction
Releasing transactional SqlSession [org.apache.ibatis.session.defaults.DefaultSqlSession@523f6a56]
Fetched SqlSession [org.apache.ibatis.session.defaults.DefaultSqlSession@523f6a56] from current transaction
==>  Preparing: UPDATE fin_transaction SET status=0 WHERE status=1 AND (transaction_id IS NOT NULL)
==> Parameters: 
<==    Updates: 2
Releasing transactional SqlSession [org.apache.ibatis.session.defaults.DefaultSqlSession@523f6a56]
Fetched SqlSession [org.apache.ibatis.session.defaults.DefaultSqlSession@523f6a56] from current transaction
==>  Preparing: UPDATE fin_account SET status=0 WHERE status=1 AND (account_id IS NOT NULL)
==> Parameters: 
<==    Updates: 1
Releasing transactional SqlSession [org.apache.ibatis.session.defaults.DefaultSqlSession@523f6a56]
Fetched SqlSession [org.apache.ibatis.session.defaults.DefaultSqlSession@523f6a56] from current transaction
==>  Preparing: UPDATE fin_category SET status=0 WHERE status=1 AND (category_id IS NOT NULL)
==> Parameters: 
<==    Updates: 1
Releasing transactional SqlSession [org.apache.ibatis.session.defaults.DefaultSqlSession@523f6a56]
Transaction synchronization deregistering SqlSession [org.apache.ibatis.session.defaults.DefaultSqlSession@523f6a56]
Transaction synchronization closing SqlSession [org.apache.ibatis.session.defaults.DefaultSqlSession@523f6a56]
]]></system-out>
  </testcase>
</testsuite>